   Step   Time    Walltime(s) Profile
      0   0.0000     0.0008   ▁▁▁▁▁▁▁▁▁▁▁▁▁▁▁▁▁▁▁▁▁▁▁█▁▁▁▁▁▁▁▁▁▁▁▁▁▁▁▁▁▁▁▁▁▁▁▁
  35714   2.5000    27.2394   ▁▁▁▁▁▁▁▁▁▁▁▁▁▂▂▃▃▄▅▆▇█████▇▆▅▄▃▃▂▂▁▁▁▁▁▁▁▁▁▁▁▁▁▁
  71428   5.0000    54.4738   ▁▁▁▁▁▁▁▁▁▂▂▂▃▃▄▄▅▆▆▇▇█████▇▇▆▆▅▄▄▃▃▂▂▂▁▁▁▁▁▁▁▁▁▁
 107142   7.4999    81.7091   ▁▁▁▁▁▁▂▂▂▂▃▃▄▄▅▅▆▆▇▇███████▇▇▆▆▅▅▄▄▃▃▂▂▂▂▁▁▁▁▁▁▁
 142856   9.9999   108.9432   ▁▁▂▂▂▂▂▂▃▃▄▄▄▅▅▆▆▇▇▇███████▇▇▇▆▆▅▅▄▄▄▃▃▂▂▂▂▂▂▁▁▁
 178570  12.4999   136.1767   ▂▂▂▂▂▂▃▃▃▄▄▅▅▅▆▆▇▇▇█████████▇▇▇▆▆▅▅▅▄▄▃▃▃▃▂▂▂▂▂▂
 214284  14.9999   163.4159   ▂▂▂▃▃▃▃▄▄▄▅▅▅▆▆▆▇▇▇█████████▇▇▇▇▆▆▅▅▅▄▄▄▃▃▃▃▂▂▂▂
 249998  17.4999   190.6669   ▃▃▃▃▃▄▄▄▄▅▅▅▆▆▆▇▇▇▇██████████▇▇▇▆▆▆▅▅▅▄▄▄▄▃▃▃▃▃▃
 285712  19.9998   217.9197   ▃▃▃▄▄▄▄▄▅▅▅▆▆▆▇▇▇▇███████████▇▇▇▇▆▆▆▅▅▅▄▄▄▄▄▃▃▃▃
 321426  22.4998   245.1619   ▄▄▄▄▄▄▅▅▅▅▆▆▆▆▇▇▇▇███████████▇▇▇▇▇▆▆▆▅▅▅▅▄▄▄▄▄▄▄
 357140  24.9998   272.4158   ▄▄▄▅▅▅▅▅▅▆▆▆▆▇▇▇▇█████████████▇▇▇▇▆▆▆▆▅▅▅▅▅▅▄▄▄▄
 392854  27.4998   299.6499   ▅▅▅▅▅▅▅▆▆▆▆▆▇▇▇▇▇█████████████▇▇▇▇▇▆▆▆▆▆▅▅▅▅▅▅▅▅
 428568  29.9998   326.8853   ▅▅▅▅▅▆▆▆▆▆▆▇▇▇▇▇▇█████████████▇▇▇▇▇▇▆▆▆▆▆▆▅▅▅▅▅▅
 464282  32.4997   354.1211   ▆▆▆▆▆▆▆▆▆▆▇▇▇▇▇▇███████████████▇▇▇▇▇▇▆▆▆▆▆▆▆▆▆▆▆
 499996  34.9997   381.3556   ▆▆▆▆▆▆▆▆▇▇▇▇▇▇▇▇████████████████▇▇▇▇▇▇▇▆▆▆▆▆▆▆▆▆
 535710  37.4997   408.5915   ▆▆▆▆▆▆▇▇▇▇▇▇▇▇▇█████████████████▇▇▇▇▇▇▇▇▇▆▆▆▆▆▆▆
 571424  39.9997   435.8243   ▆▆▆▇▇▇▇▇▇▇▇▇▇▇███████████████████▇▇▇▇▇▇▇▇▇▇▇▆▆▆▆
 607138  42.4997   463.0582   ▇▇▇▇▇▇▇▇▇▇▇▇▇█████████████████████▇▇▇▇▇▇▇▇▇▇▇▇▇▇
 642852  44.9996   490.3017   ▇▇▇▇▇▇▇▇▇▇▇▇███████████████████████▇▇▇▇▇▇▇▇▇▇▇▇▇
 678566  47.4996   517.5389   ▇▇▇▇▇▇▇▇▇▇▇█████████████████████████▇▇▇▇▇▇▇▇▇▇▇▇
 714280  49.9996   544.7715   ▇▇▇▇▇▇▇▇▇▇███████████████████████████▇▇▇▇▇▇▇▇▇▇▇
 749994  52.4996   572.0026   ▇▇▇▇▇▇▇▇███████████████████████████████▇▇▇▇▇▇▇▇▇
 785708  54.9996   599.2366   ▇▇▇▇▇▇███████████████████████████████████▇▇▇▇▇▇▇
 821422  57.4995   626.4709   ▇▇▇█████████████████████████████████████████▇▇▇▇
 857136  59.9995   653.7048   ████████████████████████████████████████████████
 892850  62.4995   680.9408   ████████████████████████████████████████████████
 928564  64.9995   708.1751   ████████████████████████████████████████████████
 964278  67.4995   735.4099   ████████████████████████████████████████████████
 999992  69.9994   762.6644   ████████████████████████████████████████████████
1035706  72.4994   789.9172   ████████████████████████████████████████████████
1071420  74.9994   817.1707   ████████████████████████████████████████████████
1107134  77.4994   844.4107   ████████████████████████████████████████████████
1142848  79.9994   871.6465   ████████████████████████████████████████████████
1178562  82.4993   898.8817   ████████████████████████████████████████████████
1214276  84.9993   926.1175   ████████████████████████████████████████████████
1249990  87.4993   953.3520   ████████████████████████████████████████████████
1285704  89.9993   980.5850   ████████████████████████████████████████████████
1321418  92.4993   1007.8192   ████████████████████████████████████████████████
1357132  94.9992   1035.0527   ████████████████████████████████████████████████
1392846  97.4992   1062.3000   ████████████████████████████████████████████████
1428560  99.9992   1089.5464   ████████████████████████████████████████████████
   Step   Time    Walltime(s) Profile
      0   0.0000     0.0008   ▁▁▁▁▁▁▁▁▁▁▁▁▁▁▁▁▁▁▁▁▁▁▁█▁▁▁▁▁▁▁▁▁▁▁▁▁▁▁▁▁▁▁▁▁▁▁▁
  35714   2.5000    13.4571   ▁▁▁▁▁▁▁▁▁▁▁▁▁▂▂▃▃▄▅▆▇█████▇▆▅▄▃▃▂▂▁▁▁▁▁▁▁▁▁▁▁▁▁▁
  71428   5.0000    26.9124   ▁▁▁▁▁▁▁▁▁▂▂▂▃▃▄▄▅▆▆▇▇█████▇▇▆▆▅▄▄▃▃▂▂▂▁▁▁▁▁▁▁▁▁▁
 107142   7.4999    40.3679   ▁▁▁▁▁▁▂▂▂▂▃▃▄▄▅▅▆▆▇▇███████▇▇▆▆▅▅▄▄▃▃▂▂▂▂▁▁▁▁▁▁▁
 142856   9.9999    53.8212   ▁▁▂▂▂▂▂▂▃▃▄▄▄▅▅▆▆▇▇▇███████▇▇▇▆▆▅▅▄▄▄▃▃▂▂▂▂▂▂▁▁▁
 178570  12.4999    67.2730   ▂▂▂▂▂▂▃▃▃▄▄▅▅▅▆▆▇▇▇█████████▇▇▇▆▆▅▅▅▄▄▃▃▃▃▂▂▂▂▂▂
 214284  14.9999    80.7249   ▂▂▂▃▃▃▃▄▄▄▅▅▅▆▆▆▇▇▇█████████▇▇▇▇▆▆▅▅▅▄▄▄▃▃▃▃▂▂▂▂
 249998  17.4999    94.1759   ▃▃▃▃▃▄▄▄▄▅▅▅▆▆▆▇▇▇▇██████████▇▇▇▆▆▆▅▅▅▄▄▄▄▃▃▃▃▃▃
 285712  19.9998   107.6265   ▃▃▃▄▄▄▄▄▅▅▅▆▆▆▇▇▇▇███████████▇▇▇▇▆▆▆▅▅▅▄▄▄▄▄▃▃▃▃
 321426  22.4998   121.0769   ▄▄▄▄▄▄▅▅▅▅▆▆▆▆▇▇▇▇███████████▇▇▇▇▇▆▆▆▅▅▅▅▄▄▄▄▄▄▄
 357140  24.9998   134.5274   ▄▄▄▅▅▅▅▅▅▆▆▆▆▇▇▇▇█████████████▇▇▇▇▆▆▆▆▅▅▅▅▅▅▄▄▄▄
 392854  27.4998   147.9779   ▅▅▅▅▅▅▅▆▆▆▆▆▇▇▇▇▇█████████████▇▇▇▇▇▆▆▆▆▆▅▅▅▅▅▅▅▅
 428568  29.9998   161.4278   ▅▅▅▅▅▆▆▆▆▆▆▇▇▇▇▇▇█████████████▇▇▇▇▇▇▆▆▆▆▆▆▅▅▅▅▅▅
 464282  32.4997   174.8785   ▆▆▆▆▆▆▆▆▆▆▇▇▇▇▇▇███████████████▇▇▇▇▇▇▆▆▆▆▆▆▆▆▆▆▆
 499996  34.9997   188.3284   ▆▆▆▆▆▆▆▆▇▇▇▇▇▇▇▇████████████████▇▇▇▇▇▇▇▆▆▆▆▆▆▆▆▆
 535710  37.4997   201.7791   ▆▆▆▆▆▆▇▇▇▇▇▇▇▇▇█████████████████▇▇▇▇▇▇▇▇▇▆▆▆▆▆▆▆
 571424  39.9997   215.2303   ▆▆▆▇▇▇▇▇▇▇▇▇▇▇███████████████████▇▇▇▇▇▇▇▇▇▇▇▆▆▆▆
 607138  42.4997   228.6809   ▇▇▇▇▇▇▇▇▇▇▇▇▇█████████████████████▇▇▇▇▇▇▇▇▇▇▇▇▇▇
 642852  44.9996   242.1312   ▇▇▇▇▇▇▇▇▇▇▇▇███████████████████████▇▇▇▇▇▇▇▇▇▇▇▇▇
 678566  47.4996   255.5814   ▇▇▇▇▇▇▇▇▇▇▇█████████████████████████▇▇▇▇▇▇▇▇▇▇▇▇
 714280  49.9996   269.0323   ▇▇▇▇▇▇▇▇▇▇███████████████████████████▇▇▇▇▇▇▇▇▇▇▇
 749994  52.4996   282.4915   ▇▇▇▇▇▇▇▇███████████████████████████████▇▇▇▇▇▇▇▇▇
 785708  54.9996   295.9422   ▇▇▇▇▇▇███████████████████████████████████▇▇▇▇▇▇▇
 821422  57.4995   309.3932   ▇▇▇█████████████████████████████████████████▇▇▇▇
 857136  59.9995   322.8438   ████████████████████████████████████████████████
 892850  62.4995   336.2943   ████████████████████████████████████████████████
 928564  64.9995   349.7444   ████████████████████████████████████████████████
 964278  67.4995   363.1950   ████████████████████████████████████████████████
 999992  69.9994   376.6453   ████████████████████████████████████████████████
1035706  72.4994   390.0961   ████████████████████████████████████████████████
1071420  74.9994   403.5466   ████████████████████████████████████████████████
1107134  77.4994   416.9971   ████████████████████████████████████████████████
1142848  79.9994   430.4476   ████████████████████████████████████████████████
1178562  82.4993   443.8983   ████████████████████████████████████████████████
1214276  84.9993   457.3486   ████████████████████████████████████████████████
1249990  87.4993   470.7987   ████████████████████████████████████████████████
1285704  89.9993   484.2493   ████████████████████████████████████████████████
1321418  92.4993   497.6995   ████████████████████████████████████████████████
1357132  94.9992   511.1503   ████████████████████████████████████████████████
1392846  97.4992   524.6008   ████████████████████████████████████████████████
1428560  99.9992   538.0514   ████████████████████████████████████████████████
   Step   Time    Walltime(s) Profile
      0   0.0000     0.0009   ▁▁▁▁▁▁▁▁▁▁▁▁▁▁▁▁▁▁▁▁▁▁▁█▁▁▁▁▁▁▁▁▁▁▁▁▁▁▁▁▁▁▁▁▁▁▁▁
  35714   2.5000     9.0585   ▁▁▁▁▁▁▁▁▁▁▁▁▁▂▂▃▃▄▅▆▇█████▇▆▅▄▃▃▂▂▁▁▁▁▁▁▁▁▁▁▁▁▁▁
  71428   5.0000    18.0984   ▁▁▁▁▁▁▁▁▁▂▂▂▃▃▄▄▅▆▆▇▇█████▇▇▆▆▅▄▄▃▃▂▂▂▁▁▁▁▁▁▁▁▁▁
 107142   7.4999    27.1470   ▁▁▁▁▁▁▂▂▂▂▃▃▄▄▅▅▆▆▇▇███████▇▇▆▆▅▅▄▄▃▃▂▂▂▂▁▁▁▁▁▁▁
 142856   9.9999    36.1890   ▁▁▂▂▂▂▂▂▃▃▄▄▄▅▅▆▆▇▇▇███████▇▇▇▆▆▅▅▄▄▄▃▃▂▂▂▂▂▂▁▁▁
 178570  12.4999    45.2651   ▂▂▂▂▂▂▃▃▃▄▄▅▅▅▆▆▇▇▇█████████▇▇▇▆▆▅▅▅▄▄▃▃▃▃▂▂▂▂▂▂
 214284  14.9999    54.3156   ▂▂▂▃▃▃▃▄▄▄▅▅▅▆▆▆▇▇▇█████████▇▇▇▇▆▆▅▅▅▄▄▄▃▃▃▃▂▂▂▂
 249998  17.4999    63.3534   ▃▃▃▃▃▄▄▄▄▅▅▅▆▆▆▇▇▇▇██████████▇▇▇▆▆▆▅▅▅▄▄▄▄▃▃▃▃▃▃
 285712  19.9998    72.3948   ▃▃▃▄▄▄▄▄▅▅▅▆▆▆▇▇▇▇███████████▇▇▇▇▆▆▆▅▅▅▄▄▄▄▄▃▃▃▃
 321426  22.4998    81.4328   ▄▄▄▄▄▄▅▅▅▅▆▆▆▆▇▇▇▇███████████▇▇▇▇▇▆▆▆▅▅▅▅▄▄▄▄▄▄▄
 357140  24.9998    90.4739   ▄▄▄▅▅▅▅▅▅▆▆▆▆▇▇▇▇█████████████▇▇▇▇▆▆▆▆▅▅▅▅▅▅▄▄▄▄
 392854  27.4998    99.5087   ▅▅▅▅▅▅▅▆▆▆▆▆▇▇▇▇▇█████████████▇▇▇▇▇▆▆▆▆▆▅▅▅▅▅▅▅▅
 428568  29.9998   108.5434   ▅▅▅▅▅▆▆▆▆▆▆▇▇▇▇▇▇█████████████▇▇▇▇▇▇▆▆▆▆▆▆▅▅▅▅▅▅
 464282  32.4997   117.5770   ▆▆▆▆▆▆▆▆▆▆▇▇▇▇▇▇███████████████▇▇▇▇▇▇▆▆▆▆▆▆▆▆▆▆▆
 499996  34.9997   126.6101   ▆▆▆▆▆▆▆▆▇▇▇▇▇▇▇▇████████████████▇▇▇▇▇▇▇▆▆▆▆▆▆▆▆▆
 535710  37.4997   135.6461   ▆▆▆▆▆▆▇▇▇▇▇▇▇▇▇█████████████████▇▇▇▇▇▇▇▇▇▆▆▆▆▆▆▆
 571424  39.9997   144.6781   ▆▆▆▇▇▇▇▇▇▇▇▇▇▇███████████████████▇▇▇▇▇▇▇▇▇▇▇▆▆▆▆
 607138  42.4997   153.7084   ▇▇▇▇▇▇▇▇▇▇▇▇▇█████████████████████▇▇▇▇▇▇▇▇▇▇▇▇▇▇
 642852  44.9996   162.7419   ▇▇▇▇▇▇▇▇▇▇▇▇███████████████████████▇▇▇▇▇▇▇▇▇▇▇▇▇
 678566  47.4996   171.7737   ▇▇▇▇▇▇▇▇▇▇▇█████████████████████████▇▇▇▇▇▇▇▇▇▇▇▇
 714280  49.9996   180.8084   ▇▇▇▇▇▇▇▇▇▇███████████████████████████▇▇▇▇▇▇▇▇▇▇▇
 749994  52.4996   189.8451   ▇▇▇▇▇▇▇▇███████████████████████████████▇▇▇▇▇▇▇▇▇
 785708  54.9996   198.8828   ▇▇▇▇▇▇███████████████████████████████████▇▇▇▇▇▇▇
 821422  57.4995   207.9177   ▇▇▇█████████████████████████████████████████▇▇▇▇
 857136  59.9995   216.9489   ████████████████████████████████████████████████
 892850  62.4995   225.9849   ████████████████████████████████████████████████
 928564  64.9995   235.0162   ████████████████████████████████████████████████
 964278  67.4995   244.0480   ████████████████████████████████████████████████
 999992  69.9994   253.0868   ████████████████████████████████████████████████
1035706  72.4994   262.1187   ████████████████████████████████████████████████
1071420  74.9994   271.1500   ████████████████████████████████████████████████
1107134  77.4994   280.1811   ████████████████████████████████████████████████
1142848  79.9994   289.2128   ████████████████████████████████████████████████
1178562  82.4993   298.2407   ████████████████████████████████████████████████
1214276  84.9993   307.2676   ████████████████████████████████████████████████
1249990  87.4993   316.2993   ████████████████████████████████████████████████
1285704  89.9993   325.3354   ████████████████████████████████████████████████
1321418  92.4993   334.3758   ████████████████████████████████████████████████
1357132  94.9992   343.4349   ████████████████████████████████████████████████
1392846  97.4992   352.4797   ████████████████████████████████████████████████
1428560  99.9992   361.5290   ████████████████████████████████████████████████
   Step   Time    Walltime(s) Profile
      0   0.0000     0.0008   ▁▁▁▁▁▁▁▁▁▁▁▁▁▁▁▁▁▁▁▁▁▁▁█▁▁▁▁▁▁▁▁▁▁▁▁▁▁▁▁▁▁▁▁▁▁▁▁
  35714   2.5000     6.9815   ▁▁▁▁▁▁▁▁▁▁▁▁▁▂▂▃▃▄▅▆▇█████▇▆▅▄▃▃▂▂▁▁▁▁▁▁▁▁▁▁▁▁▁▁
  71428   5.0000    13.9500   ▁▁▁▁▁▁▁▁▁▂▂▂▃▃▄▄▅▆▆▇▇█████▇▇▆▆▅▄▄▃▃▂▂▂▁▁▁▁▁▁▁▁▁▁
 107142   7.4999    20.8965   ▁▁▁▁▁▁▂▂▂▂▃▃▄▄▅▅▆▆▇▇███████▇▇▆▆▅▅▄▄▃▃▂▂▂▂▁▁▁▁▁▁▁
 142856   9.9999    27.8393   ▁▁▂▂▂▂▂▂▃▃▄▄▄▅▅▆▆▇▇▇███████▇▇▇▆▆▅▅▄▄▄▃▃▂▂▂▂▂▂▁▁▁
 178570  12.4999    34.7954   ▂▂▂▂▂▂▃▃▃▄▄▅▅▅▆▆▇▇▇█████████▇▇▇▆▆▅▅▅▄▄▃▃▃▃▂▂▂▂▂▂
 214284  14.9999    41.7583   ▂▂▂▃▃▃▃▄▄▄▅▅▅▆▆▆▇▇▇█████████▇▇▇▇▆▆▅▅▅▄▄▄▃▃▃▃▂▂▂▂
 249998  17.4999    48.7214   ▃▃▃▃▃▄▄▄▄▅▅▅▆▆▆▇▇▇▇██████████▇▇▇▆▆▆▅▅▅▄▄▄▄▃▃▃▃▃▃
 285712  19.9998    55.6858   ▃▃▃▄▄▄▄▄▅▅▅▆▆▆▇▇▇▇███████████▇▇▇▇▆▆▆▅▅▅▄▄▄▄▄▃▃▃▃
 321426  22.4998    62.6386   ▄▄▄▄▄▄▅▅▅▅▆▆▆▆▇▇▇▇███████████▇▇▇▇▇▆▆▆▅▅▅▅▄▄▄▄▄▄▄
 357140  24.9998    69.6037   ▄▄▄▅▅▅▅▅▅▆▆▆▆▇▇▇▇█████████████▇▇▇▇▆▆▆▆▅▅▅▅▅▅▄▄▄▄
 392854  27.4998    76.5593   ▅▅▅▅▅▅▅▆▆▆▆▆▇▇▇▇▇█████████████▇▇▇▇▇▆▆▆▆▆▅▅▅▅▅▅▅▅
 428568  29.9998    83.5307   ▅▅▅▅▅▆▆▆▆▆▆▇▇▇▇▇▇█████████████▇▇▇▇▇▇▆▆▆▆▆▆▅▅▅▅▅▅
 464282  32.4997    90.4910   ▆▆▆▆▆▆▆▆▆▆▇▇▇▇▇▇███████████████▇▇▇▇▇▇▆▆▆▆▆▆▆▆▆▆▆
 499996  34.9997    97.4523   ▆▆▆▆▆▆▆▆▇▇▇▇▇▇▇▇████████████████▇▇▇▇▇▇▇▆▆▆▆▆▆▆▆▆
 535710  37.4997   104.3908   ▆▆▆▆▆▆▇▇▇▇▇▇▇▇▇█████████████████▇▇▇▇▇▇▇▇▇▆▆▆▆▆▆▆
 571424  39.9997   111.3216   ▆▆▆▇▇▇▇▇▇▇▇▇▇▇███████████████████▇▇▇▇▇▇▇▇▇▇▇▆▆▆▆
 607138  42.4997   118.2599   ▇▇▇▇▇▇▇▇▇▇▇▇▇█████████████████████▇▇▇▇▇▇▇▇▇▇▇▇▇▇
 642852  44.9996   125.1898   ▇▇▇▇▇▇▇▇▇▇▇▇███████████████████████▇▇▇▇▇▇▇▇▇▇▇▇▇
 678566  47.4996   132.1224   ▇▇▇▇▇▇▇▇▇▇▇█████████████████████████▇▇▇▇▇▇▇▇▇▇▇▇
 714280  49.9996   139.0452   ▇▇▇▇▇▇▇▇▇▇███████████████████████████▇▇▇▇▇▇▇▇▇▇▇
 749994  52.4996   145.9683   ▇▇▇▇▇▇▇▇███████████████████████████████▇▇▇▇▇▇▇▇▇
 785708  54.9996   152.9003   ▇▇▇▇▇▇███████████████████████████████████▇▇▇▇▇▇▇
 821422  57.4995   159.8353   ▇▇▇█████████████████████████████████████████▇▇▇▇
 857136  59.9995   166.7782   ████████████████████████████████████████████████
 892850  62.4995   173.7245   ████████████████████████████████████████████████
 928564  64.9995   180.6810   ████████████████████████████████████████████████
 964278  67.4995   187.6354   ████████████████████████████████████████████████
 999992  69.9994   194.6017   ████████████████████████████████████████████████
1035706  72.4994   201.5591   ████████████████████████████████████████████████
1071420  74.9994   208.5058   ████████████████████████████████████████████████
1107134  77.4994   215.4567   ████████████████████████████████████████████████
1142848  79.9994   222.4190   ████████████████████████████████████████████████
1178562  82.4993   229.3925   ████████████████████████████████████████████████
1214276  84.9993   236.3440   ████████████████████████████████████████████████
1249990  87.4993   243.3135   ████████████████████████████████████████████████
1285704  89.9993   250.2804   ████████████████████████████████████████████████
1321418  92.4993   257.2388   ████████████████████████████████████████████████
1357132  94.9992   264.2105   ████████████████████████████████████████████████
1392846  97.4992   271.1754   ████████████████████████████████████████████████
1428560  99.9992   278.1474   ████████████████████████████████████████████████
   Step   Time    Walltime(s) Profile
      0   0.0000     0.0009   ▁▁▁▁▁▁▁▁▁▁▁▁▁▁▁▁▁▁▁▁▁▁▁█▁▁▁▁▁▁▁▁▁▁▁▁▁▁▁▁▁▁▁▁▁▁▁▁
  35714   2.5000     5.7748   ▁▁▁▁▁▁▁▁▁▁▁▁▁▂▂▃▃▄▅▆▇█████▇▆▅▄▃▃▂▂▁▁▁▁▁▁▁▁▁▁▁▁▁▁
  71428   5.0000    11.5447   ▁▁▁▁▁▁▁▁▁▂▂▂▃▃▄▄▅▆▆▇▇█████▇▇▆▆▅▄▄▃▃▂▂▂▁▁▁▁▁▁▁▁▁▁
 107142   7.4999    17.3136   ▁▁▁▁▁▁▂▂▂▂▃▃▄▄▅▅▆▆▇▇███████▇▇▆▆▅▅▄▄▃▃▂▂▂▂▁▁▁▁▁▁▁
 142856   9.9999    23.0795   ▁▁▂▂▂▂▂▂▃▃▄▄▄▅▅▆▆▇▇▇███████▇▇▇▆▆▅▅▄▄▄▃▃▂▂▂▂▂▂▁▁▁
 178570  12.4999    28.8454   ▂▂▂▂▂▂▃▃▃▄▄▅▅▅▆▆▇▇▇█████████▇▇▇▆▆▅▅▅▄▄▃▃▃▃▂▂▂▂▂▂
 214284  14.9999    34.6115   ▂▂▂▃▃▃▃▄▄▄▅▅▅▆▆▆▇▇▇█████████▇▇▇▇▆▆▅▅▅▄▄▄▃▃▃▃▂▂▂▂
 249998  17.4999    40.3743   ▃▃▃▃▃▄▄▄▄▅▅▅▆▆▆▇▇▇▇██████████▇▇▇▆▆▆▅▅▅▄▄▄▄▃▃▃▃▃▃
 285712  19.9998    46.1358   ▃▃▃▄▄▄▄▄▅▅▅▆▆▆▇▇▇▇███████████▇▇▇▇▆▆▆▅▅▅▄▄▄▄▄▃▃▃▃
 321426  22.4998    51.8986   ▄▄▄▄▄▄▅▅▅▅▆▆▆▆▇▇▇▇███████████▇▇▇▇▇▆▆▆▅▅▅▅▄▄▄▄▄▄▄
 357140  24.9998    57.6643   ▄▄▄▅▅▅▅▅▅▆▆▆▆▇▇▇▇█████████████▇▇▇▇▆▆▆▆▅▅▅▅▅▅▄▄▄▄
 392854  27.4998    63.4251   ▅▅▅▅▅▅▅▆▆▆▆▆▇▇▇▇▇█████████████▇▇▇▇▇▆▆▆▆▆▅▅▅▅▅▅▅▅
 428568  29.9998    69.1887   ▅▅▅▅▅▆▆▆▆▆▆▇▇▇▇▇▇█████████████▇▇▇▇▇▇▆▆▆▆▆▆▅▅▅▅▅▅
 464282  32.4997    74.9509   ▆▆▆▆▆▆▆▆▆▆▇▇▇▇▇▇███████████████▇▇▇▇▇▇▆▆▆▆▆▆▆▆▆▆▆
 499996  34.9997    80.7148   ▆▆▆▆▆▆▆▆▇▇▇▇▇▇▇▇████████████████▇▇▇▇▇▇▇▆▆▆▆▆▆▆▆▆
 535710  37.4997    86.5037   ▆▆▆▆▆▆▇▇▇▇▇▇▇▇▇█████████████████▇▇▇▇▇▇▇▇▇▆▆▆▆▆▆▆
 571424  39.9997    92.2930   ▆▆▆▇▇▇▇▇▇▇▇▇▇▇███████████████████▇▇▇▇▇▇▇▇▇▇▇▆▆▆▆
 607138  42.4997    98.0724   ▇▇▇▇▇▇▇▇▇▇▇▇▇█████████████████████▇▇▇▇▇▇▇▇▇▇▇▇▇▇
 642852  44.9996   103.8466   ▇▇▇▇▇▇▇▇▇▇▇▇███████████████████████▇▇▇▇▇▇▇▇▇▇▇▇▇
 678566  47.4996   109.6210   ▇▇▇▇▇▇▇▇▇▇▇█████████████████████████▇▇▇▇▇▇▇▇▇▇▇▇
 714280  49.9996   115.3941   ▇▇▇▇▇▇▇▇▇▇███████████████████████████▇▇▇▇▇▇▇▇▇▇▇
 749994  52.4996   121.1589   ▇▇▇▇▇▇▇▇███████████████████████████████▇▇▇▇▇▇▇▇▇
 785708  54.9996   126.9224   ▇▇▇▇▇▇███████████████████████████████████▇▇▇▇▇▇▇
 821422  57.4995   132.6884   ▇▇▇█████████████████████████████████████████▇▇▇▇
 857136  59.9995   138.4574   ████████████████████████████████████████████████
 892850  62.4995   144.2223   ████████████████████████████████████████████████
 928564  64.9995   149.9886   ████████████████████████████████████████████████
 964278  67.4995   155.7428   ████████████████████████████████████████████████
 999992  69.9994   161.4958   ████████████████████████████████████████████████
1035706  72.4994   167.2474   ████████████████████████████████████████████████
1071420  74.9994   173.0128   ████████████████████████████████████████████████
1107134  77.4994   178.7755   ████████████████████████████████████████████████
1142848  79.9994   184.5388   ████████████████████████████████████████████████
1178562  82.4993   190.3018   ████████████████████████████████████████████████
1214276  84.9993   196.0627   ████████████████████████████████████████████████
1249990  87.4993   201.8310   ████████████████████████████████████████████████
1285704  89.9993   207.5949   ████████████████████████████████████████████████
1321418  92.4993   213.3605   ████████████████████████████████████████████████
1357132  94.9992   219.1255   ████████████████████████████████████████████████
1392846  97.4992   224.8906   ████████████████████████████████████████████████
1428560  99.9992   230.6553   ████████████████████████████████████████████████
   Step   Time    Walltime(s) Profile
      0   0.0000     0.0009   ▁▁▁▁▁▁▁▁▁▁▁▁▁▁▁▁▁▁▁▁▁▁▁█▁▁▁▁▁▁▁▁▁▁▁▁▁▁▁▁▁▁▁▁▁▁▁▁
  35714   2.5000     4.9333   ▁▁▁▁▁▁▁▁▁▁▁▁▁▂▂▃▃▄▅▆▇█████▇▆▅▄▃▃▂▂▁▁▁▁▁▁▁▁▁▁▁▁▁▁
  71428   5.0000     9.8736   ▁▁▁▁▁▁▁▁▁▂▂▂▃▃▄▄▅▆▆▇▇█████▇▇▆▆▅▄▄▃▃▂▂▂▁▁▁▁▁▁▁▁▁▁
 107142   7.4999    14.7972   ▁▁▁▁▁▁▂▂▂▂▃▃▄▄▅▅▆▆▇▇███████▇▇▆▆▅▅▄▄▃▃▂▂▂▂▁▁▁▁▁▁▁
 142856   9.9999    19.7204   ▁▁▂▂▂▂▂▂▃▃▄▄▄▅▅▆▆▇▇▇███████▇▇▇▆▆▅▅▄▄▄▃▃▂▂▂▂▂▂▁▁▁
 178570  12.4999    24.6607   ▂▂▂▂▂▂▃▃▃▄▄▅▅▅▆▆▇▇▇█████████▇▇▇▆▆▅▅▅▄▄▃▃▃▃▂▂▂▂▂▂
 214284  14.9999    29.6363   ▂▂▂▃▃▃▃▄▄▄▅▅▅▆▆▆▇▇▇█████████▇▇▇▇▆▆▅▅▅▄▄▄▃▃▃▃▂▂▂▂
 249998  17.4999    34.6064   ▃▃▃▃▃▄▄▄▄▅▅▅▆▆▆▇▇▇▇██████████▇▇▇▆▆▆▅▅▅▄▄▄▄▃▃▃▃▃▃
 285712  19.9998    39.5811   ▃▃▃▄▄▄▄▄▅▅▅▆▆▆▇▇▇▇███████████▇▇▇▇▆▆▆▅▅▅▄▄▄▄▄▃▃▃▃
 321426  22.4998    44.5617   ▄▄▄▄▄▄▅▅▅▅▆▆▆▆▇▇▇▇███████████▇▇▇▇▇▆▆▆▅▅▅▅▄▄▄▄▄▄▄
 357140  24.9998    49.5311   ▄▄▄▅▅▅▅▅▅▆▆▆▆▇▇▇▇█████████████▇▇▇▇▆▆▆▆▅▅▅▅▅▅▄▄▄▄
 392854  27.4998    54.5012   ▅▅▅▅▅▅▅▆▆▆▆▆▇▇▇▇▇█████████████▇▇▇▇▇▆▆▆▆▆▅▅▅▅▅▅▅▅
 428568  29.9998    59.4631   ▅▅▅▅▅▆▆▆▆▆▆▇▇▇▇▇▇█████████████▇▇▇▇▇▇▆▆▆▆▆▆▅▅▅▅▅▅
 464282  32.4997    64.4295   ▆▆▆▆▆▆▆▆▆▆▇▇▇▇▇▇███████████████▇▇▇▇▇▇▆▆▆▆▆▆▆▆▆▆▆
 499996  34.9997    69.4029   ▆▆▆▆▆▆▆▆▇▇▇▇▇▇▇▇████████████████▇▇▇▇▇▇▇▆▆▆▆▆▆▆▆▆
 535710  37.4997    74.3648   ▆▆▆▆▆▆▇▇▇▇▇▇▇▇▇█████████████████▇▇▇▇▇▇▇▇▇▆▆▆▆▆▆▆
 571424  39.9997    79.3174   ▆▆▆▇▇▇▇▇▇▇▇▇▇▇███████████████████▇▇▇▇▇▇▇▇▇▇▇▆▆▆▆
 607138  42.4997    84.2703   ▇▇▇▇▇▇▇▇▇▇▇▇▇█████████████████████▇▇▇▇▇▇▇▇▇▇▇▇▇▇
 642852  44.9996    89.2319   ▇▇▇▇▇▇▇▇▇▇▇▇███████████████████████▇▇▇▇▇▇▇▇▇▇▇▇▇
 678566  47.4996    94.2020   ▇▇▇▇▇▇▇▇▇▇▇█████████████████████████▇▇▇▇▇▇▇▇▇▇▇▇
 714280  49.9996    99.1751   ▇▇▇▇▇▇▇▇▇▇███████████████████████████▇▇▇▇▇▇▇▇▇▇▇
 749994  52.4996   104.1507   ▇▇▇▇▇▇▇▇███████████████████████████████▇▇▇▇▇▇▇▇▇
 785708  54.9996   109.1256   ▇▇▇▇▇▇███████████████████████████████████▇▇▇▇▇▇▇
 821422  57.4995   114.0993   ▇▇▇█████████████████████████████████████████▇▇▇▇
 857136  59.9995   119.0695   ████████████████████████████████████████████████
 892850  62.4995   124.0394   ████████████████████████████████████████████████
 928564  64.9995   129.0156   ████████████████████████████████████████████████
 964278  67.4995   133.9881   ████████████████████████████████████████████████
 999992  69.9994   138.9549   ████████████████████████████████████████████████
1035706  72.4994   143.9198   ████████████████████████████████████████████████
1071420  74.9994   148.9077   ████████████████████████████████████████████████
1107134  77.4994   153.8765   ████████████████████████████████████████████████
1142848  79.9994   158.8387   ████████████████████████████████████████████████
1178562  82.4993   163.7993   ████████████████████████████████████████████████
1214276  84.9993   168.7781   ████████████████████████████████████████████████
1249990  87.4993   173.7368   ████████████████████████████████████████████████
1285704  89.9993   178.6898   ████████████████████████████████████████████████
1321418  92.4993   183.6552   ████████████████████████████████████████████████
1357132  94.9992   188.6404   ████████████████████████████████████████████████
1392846  97.4992   193.5998   ████████████████████████████████████████████████
1428560  99.9992   198.5608   ████████████████████████████████████████████████
   Step   Time    Walltime(s) Profile
      0   0.0000     0.0009   ▁▁▁▁▁▁▁▁▁▁▁▁▁▁▁▁▁▁▁▁▁▁▁█▁▁▁▁▁▁▁▁▁▁▁▁▁▁▁▁▁▁▁▁▁▁▁▁
  35714   2.5000     4.5725   ▁▁▁▁▁▁▁▁▁▁▁▁▁▂▂▃▃▄▅▆▇█████▇▆▅▄▃▃▂▂▁▁▁▁▁▁▁▁▁▁▁▁▁▁
  71428   5.0000     9.1464   ▁▁▁▁▁▁▁▁▁▂▂▂▃▃▄▄▅▆▆▇▇█████▇▇▆▆▅▄▄▃▃▂▂▂▁▁▁▁▁▁▁▁▁▁
 107142   7.4999    13.7128   ▁▁▁▁▁▁▂▂▂▂▃▃▄▄▅▅▆▆▇▇███████▇▇▆▆▅▅▄▄▃▃▂▂▂▂▁▁▁▁▁▁▁
 142856   9.9999    18.2923   ▁▁▂▂▂▂▂▂▃▃▄▄▄▅▅▆▆▇▇▇███████▇▇▇▆▆▅▅▄▄▄▃▃▂▂▂▂▂▂▁▁▁
 178570  12.4999    22.8646   ▂▂▂▂▂▂▃▃▃▄▄▅▅▅▆▆▇▇▇█████████▇▇▇▆▆▅▅▅▄▄▃▃▃▃▂▂▂▂▂▂
 214284  14.9999    27.4405   ▂▂▂▃▃▃▃▄▄▄▅▅▅▆▆▆▇▇▇█████████▇▇▇▇▆▆▅▅▅▄▄▄▃▃▃▃▂▂▂▂
 249998  17.4999    32.0135   ▃▃▃▃▃▄▄▄▄▅▅▅▆▆▆▇▇▇▇██████████▇▇▇▆▆▆▅▅▅▄▄▄▄▃▃▃▃▃▃
 285712  19.9998    36.5827   ▃▃▃▄▄▄▄▄▅▅▅▆▆▆▇▇▇▇███████████▇▇▇▇▆▆▆▅▅▅▄▄▄▄▄▃▃▃▃
 321426  22.4998    41.1532   ▄▄▄▄▄▄▅▅▅▅▆▆▆▆▇▇▇▇███████████▇▇▇▇▇▆▆▆▅▅▅▅▄▄▄▄▄▄▄
 357140  24.9998    45.7280   ▄▄▄▅▅▅▅▅▅▆▆▆▆▇▇▇▇█████████████▇▇▇▇▆▆▆▆▅▅▅▅▅▅▄▄▄▄
 392854  27.4998    50.3020   ▅▅▅▅▅▅▅▆▆▆▆▆▇▇▇▇▇█████████████▇▇▇▇▇▆▆▆▆▆▅▅▅▅▅▅▅▅
 428568  29.9998    54.8750   ▅▅▅▅▅▆▆▆▆▆▆▇▇▇▇▇▇█████████████▇▇▇▇▇▇▆▆▆▆▆▆▅▅▅▅▅▅
 464282  32.4997    59.4474   ▆▆▆▆▆▆▆▆▆▆▇▇▇▇▇▇███████████████▇▇▇▇▇▇▆▆▆▆▆▆▆▆▆▆▆
 499996  34.9997    64.0213   ▆▆▆▆▆▆▆▆▇▇▇▇▇▇▇▇████████████████▇▇▇▇▇▇▇▆▆▆▆▆▆▆▆▆
 535710  37.4997    68.5945   ▆▆▆▆▆▆▇▇▇▇▇▇▇▇▇█████████████████▇▇▇▇▇▇▇▇▇▆▆▆▆▆▆▆
 571424  39.9997    73.1659   ▆▆▆▇▇▇▇▇▇▇▇▇▇▇███████████████████▇▇▇▇▇▇▇▇▇▇▇▆▆▆▆
 607138  42.4997    77.7381   ▇▇▇▇▇▇▇▇▇▇▇▇▇█████████████████████▇▇▇▇▇▇▇▇▇▇▇▇▇▇
 642852  44.9996    82.3076   ▇▇▇▇▇▇▇▇▇▇▇▇███████████████████████▇▇▇▇▇▇▇▇▇▇▇▇▇
 678566  47.4996    86.8713   ▇▇▇▇▇▇▇▇▇▇▇█████████████████████████▇▇▇▇▇▇▇▇▇▇▇▇
 714280  49.9996    91.4320   ▇▇▇▇▇▇▇▇▇▇███████████████████████████▇▇▇▇▇▇▇▇▇▇▇
 749994  52.4996    95.9989   ▇▇▇▇▇▇▇▇███████████████████████████████▇▇▇▇▇▇▇▇▇
 785708  54.9996   100.5661   ▇▇▇▇▇▇███████████████████████████████████▇▇▇▇▇▇▇
 821422  57.4995   105.1350   ▇▇▇█████████████████████████████████████████▇▇▇▇
 857136  59.9995   109.7037   ████████████████████████████████████████████████
 892850  62.4995   114.2687   ████████████████████████████████████████████████
 928564  64.9995   118.8345   ████████████████████████████████████████████████
 964278  67.4995   123.4024   ████████████████████████████████████████████████
 999992  69.9994   127.9691   ████████████████████████████████████████████████
1035706  72.4994   132.5336   ████████████████████████████████████████████████
1071420  74.9994   137.1004   ████████████████████████████████████████████████
1107134  77.4994   141.6683   ████████████████████████████████████████████████
1142848  79.9994   146.2336   ████████████████████████████████████████████████
1178562  82.4993   150.7958   ████████████████████████████████████████████████
1214276  84.9993   155.3602   ████████████████████████████████████████████████
1249990  87.4993   159.9290   ████████████████████████████████████████████████
1285704  89.9993   164.4968   ████████████████████████████████████████████████
1321418  92.4993   169.0635   ████████████████████████████████████████████████
1357132  94.9992   173.6311   ████████████████████████████████████████████████
1392846  97.4992   178.1977   ████████████████████████████████████████████████
1428560  99.9992   182.7651   ████████████████████████████████████████████████
   Step   Time    Walltime(s) Profile
      0   0.0000     0.0010   ▁▁▁▁▁▁▁▁▁▁▁▁▁▁▁▁▁▁▁▁▁▁▁█▁▁▁▁▁▁▁▁▁▁▁▁▁▁▁▁▁▁▁▁▁▁▁▁
  35714   2.5000     4.0479   ▁▁▁▁▁▁▁▁▁▁▁▁▁▂▂▃▃▄▅▆▇█████▇▆▅▄▃▃▂▂▁▁▁▁▁▁▁▁▁▁▁▁▁▁
  71428   5.0000     8.0889   ▁▁▁▁▁▁▁▁▁▂▂▂▃▃▄▄▅▆▆▇▇█████▇▇▆▆▅▄▄▃▃▂▂▂▁▁▁▁▁▁▁▁▁▁
 107142   7.4999    12.1280   ▁▁▁▁▁▁▂▂▂▂▃▃▄▄▅▅▆▆▇▇███████▇▇▆▆▅▅▄▄▃▃▂▂▂▂▂▁▁▁▁▁▁
 142856   9.9999    16.1664   ▁▁▂▂▂▂▂▂▃▃▄▄▄▅▅▆▆▇▇▇███████▇▇▇▆▆▅▅▄▄▄▃▃▂▂▂▂▂▂▁▁▁
 178570  12.4999    20.2066   ▂▂▂▂▂▂▃▃▃▄▄▅▅▅▆▆▇▇▇█████████▇▇▇▆▆▅▅▅▄▄▃▃▃▃▂▂▂▂▂▂
 214284  14.9999    24.2489   ▂▂▂▃▃▃▃▄▄▄▅▅▅▆▆▆▇▇▇█████████▇▇▇▇▆▆▅▅▅▄▄▄▃▃▃▃▂▂▂▂
 249998  17.4999    28.3024   ▃▃▃▃▃▃▄▄▄▅▅▅▆▆▆▇▇▇▇██████████▇▇▇▆▆▆▅▅▅▄▄▄▄▃▃▃▃▃▃
 285712  19.9998    32.3423   ▃▃▃▄▄▄▄▄▅▅▅▆▆▆▇▇▇▇███████████▇▇▇▇▆▆▆▅▅▅▄▄▄▄▄▃▃▃▃
 321426  22.4998    36.3782   ▄▄▄▄▄▄▅▅▅▅▆▆▆▆▇▇▇▇███████████▇▇▇▇▇▆▆▆▅▅▅▅▄▄▄▄▄▄▄
 357140  24.9998    40.4186   ▄▄▄▅▅▅▅▅▅▆▆▆▆▇▇▇▇█████████████▇▇▇▇▆▆▆▆▅▅▅▅▅▅▄▄▄▄
 392854  27.4998    44.4563   ▅▅▅▅▅▅▅▆▆▆▆▆▇▇▇▇▇█████████████▇▇▇▇▇▆▆▆▆▆▅▅▅▅▅▅▅▅
 428568  29.9998    48.4923   ▅▅▅▅▅▆▆▆▆▆▆▇▇▇▇▇▇█████████████▇▇▇▇▇▇▆▆▆▆▆▆▅▅▅▅▅▅
 464282  32.4997    52.5290   ▆▆▆▆▆▆▆▆▆▆▇▇▇▇▇▇███████████████▇▇▇▇▇▇▆▆▆▆▆▆▆▆▆▆▆
 499996  34.9997    56.5650   ▆▆▆▆▆▆▆▆▇▇▇▇▇▇▇▇████████████████▇▇▇▇▇▇▇▆▆▆▆▆▆▆▆▆
 535710  37.4997    60.6014   ▆▆▆▆▆▆▇▇▇▇▇▇▇▇▇█████████████████▇▇▇▇▇▇▇▇▇▆▆▆▆▆▆▆
 571424  39.9997    64.6380   ▆▆▆▇▇▇▇▇▇▇▇▇▇▇███████████████████▇▇▇▇▇▇▇▇▇▇▇▆▆▆▆
 607138  42.4997    68.6742   ▇▇▇▇▇▇▇▇▇▇▇▇▇█████████████████████▇▇▇▇▇▇▇▇▇▇▇▇▇▇
 642852  44.9996    72.7104   ▇▇▇▇▇▇▇▇▇▇▇▇███████████████████████▇▇▇▇▇▇▇▇▇▇▇▇▇
 678566  47.4996    76.7476   ▇▇▇▇▇▇▇▇▇▇▇█████████████████████████▇▇▇▇▇▇▇▇▇▇▇▇
 714280  49.9996    80.7843   ▇▇▇▇▇▇▇▇▇▇███████████████████████████▇▇▇▇▇▇▇▇▇▇▇
 749994  52.4996    84.8203   ▇▇▇▇▇▇▇▇███████████████████████████████▇▇▇▇▇▇▇▇▇
 785708  54.9996    88.8563   ▇▇▇▇▇▇███████████████████████████████████▇▇▇▇▇▇▇
 821422  57.4995    92.8926   ▇▇▇█████████████████████████████████████████▇▇▇▇
 857136  59.9995    96.9286   ████████████████████████████████████████████████
 892850  62.4995   100.9647   ████████████████████████████████████████████████
 928564  64.9995   105.0019   ████████████████████████████████████████████████
 964278  67.4995   109.0395   ████████████████████████████████████████████████
 999992  69.9994   113.0758   ████████████████████████████████████████████████
1035706  72.4994   117.1123   ████████████████████████████████████████████████
1071420  74.9994   121.1484   ████████████████████████████████████████████████
1107134  77.4994   125.1852   ████████████████████████████████████████████████
1142848  79.9994   129.2213   ████████████████████████████████████████████████
1178562  82.4993   133.2583   ████████████████████████████████████████████████
1214276  84.9993   137.2949   ████████████████████████████████████████████████
1249990  87.4993   141.3321   ████████████████████████████████████████████████
1285704  89.9993   145.3692   ████████████████████████████████████████████████
1321418  92.4993   149.4060   ████████████████████████████████████████████████
1357132  94.9992   153.4427   ████████████████████████████████████████████████
1392846  97.4992   157.4797   ████████████████████████████████████████████████
1428560  99.9992   161.5162   ████████████████████████████████████████████████
   Step   Time    Walltime(s) Profile
      0   0.0000     0.0009   ▁▁▁▁▁▁▁▁▁▁▁▁▁▁▁▁▁▁▁▁▁▁▁█▁▁▁▁▁▁▁▁▁▁▁▁▁▁▁▁▁▁▁▁▁▁▁▁
  35714   2.5000     3.6150   ▁▁▁▁▁▁▁▁▁▁▁▁▁▂▂▃▃▄▅▆▇█████▇▆▅▄▃▃▂▂▁▁▁▁▁▁▁▁▁▁▁▁▁▁
  71428   5.0000     7.2232   ▁▁▁▁▁▁▁▁▁▂▂▂▃▃▄▄▅▆▆▇▇█████▇▇▆▆▅▄▄▃▃▂▂▂▁▁▁▁▁▁▁▁▁▁
 107142   7.4999    10.8046   ▁▁▁▁▁▁▂▂▂▂▃▃▄▄▅▅▆▆▇▇███████▇▇▆▆▅▅▄▄▃▃▂▂▂▂▁▁▁▁▁▁▁
 142856   9.9999    14.3935   ▁▁▂▂▂▂▂▂▃▃▄▄▄▅▅▆▆▇▇▇███████▇▇▇▆▆▅▅▄▄▄▃▃▂▂▂▂▂▂▁▁▁
 178570  12.4999    17.9772   ▂▂▂▂▂▂▃▃▃▄▄▅▅▅▆▆▇▇▇█████████▇▇▇▆▆▅▅▅▄▄▃▃▃▃▂▂▂▂▂▂
 214284  14.9999    21.5624   ▂▂▂▃▃▃▃▄▄▄▅▅▅▆▆▆▇▇▇█████████▇▇▇▇▆▆▅▅▅▄▄▄▃▃▃▃▂▂▂▂
 249998  17.4999    25.1585   ▃▃▃▃▃▄▄▄▄▅▅▅▆▆▆▇▇▇▇██████████▇▇▇▆▆▆▅▅▅▄▄▄▄▃▃▃▃▃▃
 285712  19.9998    28.7556   ▃▃▃▄▄▄▄▄▅▅▅▆▆▆▇▇▇▇███████████▇▇▇▇▆▆▆▅▅▅▄▄▄▄▄▃▃▃▃
 321426  22.4998    32.3381   ▄▄▄▄▄▄▅▅▅▅▆▆▆▆▇▇▇▇███████████▇▇▇▇▇▆▆▆▅▅▅▅▄▄▄▄▄▄▄
 357140  24.9998    35.9205   ▄▄▄▅▅▅▅▅▅▆▆▆▆▇▇▇▇█████████████▇▇▇▇▆▆▆▆▅▅▅▅▅▅▄▄▄▄
 392854  27.4998    39.5040   ▅▅▅▅▅▅▅▆▆▆▆▆▇▇▇▇▇█████████████▇▇▇▇▇▆▆▆▆▆▅▅▅▅▅▅▅▅
 428568  29.9998    43.0879   ▅▅▅▅▅▆▆▆▆▆▆▇▇▇▇▇▇█████████████▇▇▇▇▇▇▆▆▆▆▆▆▅▅▅▅▅▅
 464282  32.4997    46.6701   ▆▆▆▆▆▆▆▆▆▆▇▇▇▇▇▇███████████████▇▇▇▇▇▇▆▆▆▆▆▆▆▆▆▆▆
 499996  34.9997    50.2534   ▆▆▆▆▆▆▆▆▇▇▇▇▇▇▇▇████████████████▇▇▇▇▇▇▇▆▆▆▆▆▆▆▆▆
 535710  37.4997    53.8372   ▆▆▆▆▆▆▇▇▇▇▇▇▇▇▇█████████████████▇▇▇▇▇▇▇▇▇▆▆▆▆▆▆▆
 571424  39.9997    57.4217   ▆▆▆▇▇▇▇▇▇▇▇▇▇▇███████████████████▇▇▇▇▇▇▇▇▇▇▇▆▆▆▆
 607138  42.4997    61.0062   ▇▇▇▇▇▇▇▇▇▇▇▇▇█████████████████████▇▇▇▇▇▇▇▇▇▇▇▇▇▇
 642852  44.9996    64.5895   ▇▇▇▇▇▇▇▇▇▇▇▇███████████████████████▇▇▇▇▇▇▇▇▇▇▇▇▇
 678566  47.4996    68.1735   ▇▇▇▇▇▇▇▇▇▇▇█████████████████████████▇▇▇▇▇▇▇▇▇▇▇▇
 714280  49.9996    71.7561   ▇▇▇▇▇▇▇▇▇▇███████████████████████████▇▇▇▇▇▇▇▇▇▇▇
 749994  52.4996    75.3426   ▇▇▇▇▇▇▇▇███████████████████████████████▇▇▇▇▇▇▇▇▇
 785708  54.9996    78.9257   ▇▇▇▇▇▇███████████████████████████████████▇▇▇▇▇▇▇
 821422  57.4995    82.5066   ▇▇▇█████████████████████████████████████████▇▇▇▇
 857136  59.9995    86.0892   ████████████████████████████████████████████████
 892850  62.4995    89.6755   ████████████████████████████████████████████████
 928564  64.9995    93.2640   ████████████████████████████████████████████████
 964278  67.4995    96.8481   ████████████████████████████████████████████████
 999992  69.9994   100.4319   ████████████████████████████████████████████████
1035706  72.4994   104.0177   ████████████████████████████████████████████████
1071420  74.9994   107.6040   ████████████████████████████████████████████████
1107134  77.4994   111.1877   ████████████████████████████████████████████████
1142848  79.9994   114.7738   ████████████████████████████████████████████████
1178562  82.4993   118.3579   ████████████████████████████████████████████████
1214276  84.9993   121.9446   ████████████████████████████████████████████████
1249990  87.4993   125.5333   ████████████████████████████████████████████████
1285704  89.9993   129.1270   ████████████████████████████████████████████████
1321418  92.4993   132.7108   ████████████████████████████████████████████████
1357132  94.9992   136.2961   ████████████████████████████████████████████████
1392846  97.4992   139.8798   ████████████████████████████████████████████████
1428560  99.9992   143.4644   ████████████████████████████████████████████████
   Step   Time    Walltime(s) Profile
      0   0.0000     0.0009   ▁▁▁▁▁▁▁▁▁▁▁▁▁▁▁▁▁▁▁▁▁▁▁█▁▁▁▁▁▁▁▁▁▁▁▁▁▁▁▁▁▁▁▁▁▁▁▁
  35714   2.5000     3.2994   ▁▁▁▁▁▁▁▁▁▁▁▁▁▂▂▃▃▄▅▆▇█████▇▆▅▄▃▃▂▂▁▁▁▁▁▁▁▁▁▁▁▁▁▁
  71428   5.0000     6.5945   ▁▁▁▁▁▁▁▁▁▂▂▂▃▃▄▄▅▆▆▇▇█████▇▇▆▆▅▄▄▃▃▂▂▂▁▁▁▁▁▁▁▁▁▁
 107142   7.4999     9.8890   ▁▁▁▁▁▁▂▂▂▂▃▃▄▄▅▅▆▆▇▇███████▇▇▆▆▅▅▄▄▃▃▂▂▂▂▁▁▁▁▁▁▁
 142856   9.9999    13.1841   ▁▁▂▂▂▂▂▂▃▃▄▄▄▅▅▆▆▇▇▇███████▇▇▇▆▆▅▅▄▄▄▃▃▂▂▂▂▂▂▁▁▁
 178570  12.4999    16.4827   ▂▂▂▂▂▂▃▃▃▄▄▅▅▅▆▆▇▇▇█████████▇▇▇▆▆▅▅▅▄▄▃▃▃▃▂▂▂▂▂▂
 214284  14.9999    19.7734   ▂▂▂▃▃▃▃▄▄▄▅▅▅▆▆▆▇▇▇█████████▇▇▇▇▆▆▅▅▅▄▄▄▃▃▃▃▂▂▂▂
 249998  17.4999    23.0619   ▃▃▃▃▃▄▄▄▄▅▅▅▆▆▆▇▇▇▇██████████▇▇▇▆▆▆▅▅▅▄▄▄▄▃▃▃▃▃▃
 285712  19.9998    26.3489   ▃▃▃▄▄▄▄▄▅▅▅▆▆▆▇▇▇▇███████████▇▇▇▇▆▆▆▅▅▅▄▄▄▄▄▃▃▃▃
 321426  22.4998    29.6372   ▄▄▄▄▄▄▅▅▅▅▆▆▆▆▇▇▇▇███████████▇▇▇▇▇▆▆▆▅▅▅▅▄▄▄▄▄▄▄
 357140  24.9998    32.9239   ▄▄▄▅▅▅▅▅▅▆▆▆▆▇▇▇▇█████████████▇▇▇▇▆▆▆▆▅▅▅▅▅▅▄▄▄▄
 392854  27.4998    36.2116   ▅▅▅▅▅▅▅▆▆▆▆▆▇▇▇▇▇█████████████▇▇▇▇▇▆▆▆▆▆▅▅▅▅▅▅▅▅
 428568  29.9998    39.4991   ▅▅▅▅▅▆▆▆▆▆▆▇▇▇▇▇▇█████████████▇▇▇▇▇▇▆▆▆▆▆▆▅▅▅▅▅▅
 464282  32.4997    42.7867   ▆▆▆▆▆▆▆▆▆▆▇▇▇▇▇▇███████████████▇▇▇▇▇▇▆▆▆▆▆▆▆▆▆▆▆
 499996  34.9997    46.0731   ▆▆▆▆▆▆▆▆▇▇▇▇▇▇▇▇████████████████▇▇▇▇▇▇▇▆▆▆▆▆▆▆▆▆
 535710  37.4997    49.3593   ▆▆▆▆▆▆▇▇▇▇▇▇▇▇▇█████████████████▇▇▇▇▇▇▇▇▇▆▆▆▆▆▆▆
 571424  39.9997    52.6449   ▆▆▆▇▇▇▇▇▇▇▇▇▇▇███████████████████▇▇▇▇▇▇▇▇▇▇▇▆▆▆▆
 607138  42.4997    55.9305   ▇▇▇▇▇▇▇▇▇▇▇▇▇█████████████████████▇▇▇▇▇▇▇▇▇▇▇▇▇▇
 642852  44.9996    59.2163   ▇▇▇▇▇▇▇▇▇▇▇▇███████████████████████▇▇▇▇▇▇▇▇▇▇▇▇▇
 678566  47.4996    62.5015   ▇▇▇▇▇▇▇▇▇▇▇█████████████████████████▇▇▇▇▇▇▇▇▇▇▇▇
 714280  49.9996    65.7920   ▇▇▇▇▇▇▇▇▇▇███████████████████████████▇▇▇▇▇▇▇▇▇▇▇
 749994  52.4996    69.0768   ▇▇▇▇▇▇▇▇███████████████████████████████▇▇▇▇▇▇▇▇▇
 785708  54.9996    72.3621   ▇▇▇▇▇▇███████████████████████████████████▇▇▇▇▇▇▇
 821422  57.4995    75.6471   ▇▇▇█████████████████████████████████████████▇▇▇▇
 857136  59.9995    78.9317   ████████████████████████████████████████████████
 892850  62.4995    82.2165   ████████████████████████████████████████████████
 928564  64.9995    85.5016   ████████████████████████████████████████████████
 964278  67.4995    88.7876   ████████████████████████████████████████████████
 999992  69.9994    92.0727   ████████████████████████████████████████████████
1035706  72.4994    95.3570   ████████████████████████████████████████████████
1071420  74.9994    98.6431   ████████████████████████████████████████████████
1107134  77.4994   101.9277   ████████████████████████████████████████████████
1142848  79.9994   105.2129   ████████████████████████████████████████████████
1178562  82.4993   108.4972   ████████████████████████████████████████████████
1214276  84.9993   111.7819   ████████████████████████████████████████████████
1249990  87.4993   115.0680   ████████████████████████████████████████████████
1285704  89.9993   118.3531   ████████████████████████████████████████████████
1321418  92.4993   121.6381   ████████████████████████████████████████████████
1357132  94.9992   124.9224   ████████████████████████████████████████████████
1392846  97.4992   128.2068   ████████████████████████████████████████████████
1428560  99.9992   131.4918   ████████████████████████████████████████████████
   Step   Time    Walltime(s) Profile
      0   0.0000     0.0009   ▁▁▁▁▁▁▁▁▁▁▁▁▁▁▁▁▁▁▁▁▁▁▁█▁▁▁▁▁▁▁▁▁▁▁▁▁▁▁▁▁▁▁▁▁▁▁▁
  35714   2.5000     3.0382   ▁▁▁▁▁▁▁▁▁▁▁▁▁▂▂▃▃▄▅▆▇█████▇▆▅▄▃▃▂▂▁▁▁▁▁▁▁▁▁▁▁▁▁▁
  71428   5.0000     6.0758   ▁▁▁▁▁▁▁▁▁▂▂▂▃▃▄▄▅▆▆▇▇█████▇▇▆▆▅▄▄▃▃▂▂▂▁▁▁▁▁▁▁▁▁▁
 107142   7.4999     9.1153   ▁▁▁▁▁▁▂▂▂▂▃▃▄▄▅▅▆▆▇▇███████▇▇▆▆▅▅▄▄▃▃▂▂▂▂▁▁▁▁▁▁▁
 142856   9.9999    12.1585   ▁▁▂▂▂▂▂▂▃▃▄▄▄▅▅▆▆▇▇▇███████▇▇▇▆▆▅▅▄▄▄▃▃▂▂▂▂▂▂▁▁▁
 178570  12.4999    15.1899   ▂▂▂▂▂▂▃▃▃▄▄▅▅▅▆▆▇▇▇█████████▇▇▇▆▆▅▅▅▄▄▃▃▃▃▂▂▂▂▂▂
 214284  14.9999    18.2227   ▂▂▂▃▃▃▃▄▄▄▅▅▅▆▆▆▇▇▇█████████▇▇▇▇▆▆▅▅▅▄▄▄▃▃▃▃▂▂▂▂
 249998  17.4999    21.2547   ▃▃▃▃▃▄▄▄▄▅▅▅▆▆▆▇▇▇▇██████████▇▇▇▆▆▆▅▅▅▄▄▄▄▃▃▃▃▃▃
 285712  19.9998    24.2842   ▃▃▃▄▄▄▄▄▅▅▅▆▆▆▇▇▇▇███████████▇▇▇▇▆▆▆▅▅▅▄▄▄▄▄▃▃▃▃
 321426  22.4998    27.3153   ▄▄▄▄▄▄▅▅▅▅▆▆▆▆▇▇▇▇███████████▇▇▇▇▇▆▆▆▅▅▅▅▄▄▄▄▄▄▄
 357140  24.9998    30.3458   ▄▄▄▅▅▅▅▅▅▆▆▆▆▇▇▇▇█████████████▇▇▇▇▆▆▆▆▅▅▅▅▅▅▄▄▄▄
 392854  27.4998    33.3767   ▅▅▅▅▅▅▅▆▆▆▆▆▇▇▇▇▇█████████████▇▇▇▇▇▆▆▆▆▆▅▅▅▅▅▅▅▅
 428568  29.9998    36.4066   ▅▅▅▅▅▆▆▆▆▆▆▇▇▇▇▇▇█████████████▇▇▇▇▇▇▆▆▆▆▆▆▅▅▅▅▅▅
 464282  32.4997    39.4351   ▆▆▆▆▆▆▆▆▆▆▇▇▇▇▇▇███████████████▇▇▇▇▇▇▆▆▆▆▆▆▆▆▆▆▆
 499996  34.9997    42.4650   ▆▆▆▆▆▆▆▆▇▇▇▇▇▇▇▇████████████████▇▇▇▇▇▇▇▆▆▆▆▆▆▆▆▆
 535710  37.4997    45.4944   ▆▆▆▆▆▆▇▇▇▇▇▇▇▇▇█████████████████▇▇▇▇▇▇▇▇▇▆▆▆▆▆▆▆
 571424  39.9997    48.5248   ▆▆▆▇▇▇▇▇▇▇▇▇▇▇███████████████████▇▇▇▇▇▇▇▇▇▇▇▆▆▆▆
 607138  42.4997    51.5540   ▇▇▇▇▇▇▇▇▇▇▇▇▇█████████████████████▇▇▇▇▇▇▇▇▇▇▇▇▇▇
 642852  44.9996    54.5830   ▇▇▇▇▇▇▇▇▇▇▇▇███████████████████████▇▇▇▇▇▇▇▇▇▇▇▇▇
 678566  47.4996    57.6133   ▇▇▇▇▇▇▇▇▇▇▇█████████████████████████▇▇▇▇▇▇▇▇▇▇▇▇
 714280  49.9996    60.6429   ▇▇▇▇▇▇▇▇▇▇███████████████████████████▇▇▇▇▇▇▇▇▇▇▇
 749994  52.4996    63.6715   ▇▇▇▇▇▇▇▇███████████████████████████████▇▇▇▇▇▇▇▇▇
 785708  54.9996    66.7025   ▇▇▇▇▇▇███████████████████████████████████▇▇▇▇▇▇▇
 821422  57.4995    69.7341   ▇▇▇█████████████████████████████████████████▇▇▇▇
 857136  59.9995    72.7659   ████████████████████████████████████████████████
 892850  62.4995    75.7964   ████████████████████████████████████████████████
 928564  64.9995    78.8279   ████████████████████████████████████████████████
 964278  67.4995    81.8607   ████████████████████████████████████████████████
 999992  69.9994    84.8933   ████████████████████████████████████████████████
1035706  72.4994    87.9247   ████████████████████████████████████████████████
1071420  74.9994    90.9564   ████████████████████████████████████████████████
1107134  77.4994    93.9890   ████████████████████████████████████████████████
1142848  79.9994    97.0210   ████████████████████████████████████████████████
1178562  82.4993   100.0526   ████████████████████████████████████████████████
1214276  84.9993   103.0828   ████████████████████████████████████████████████
1249990  87.4993   106.1166   ████████████████████████████████████████████████
1285704  89.9993   109.1488   ████████████████████████████████████████████████
1321418  92.4993   112.1813   ████████████████████████████████████████████████
1357132  94.9992   115.2114   ████████████████████████████████████████████████
1392846  97.4992   118.2451   ████████████████████████████████████████████████
1428560  99.9992   121.2780   ████████████████████████████████████████████████
   Step   Time    Walltime(s) Profile
      0   0.0000     0.0009   ▁▁▁▁▁▁▁▁▁▁▁▁▁▁▁▁▁▁▁▁▁▁▁█▁▁▁▁▁▁▁▁▁▁▁▁▁▁▁▁▁▁▁▁▁▁▁▁
  35714   2.5000     2.8357   ▁▁▁▁▁▁▁▁▁▁▁▁▁▂▂▃▃▄▅▆▇█████▇▆▅▄▃▃▂▂▁▁▁▁▁▁▁▁▁▁▁▁▁▁
  71428   5.0000     5.6809   ▁▁▁▁▁▁▁▁▁▂▂▂▃▃▄▄▅▆▆▇▇█████▇▇▆▆▅▄▄▃▃▂▂▂▁▁▁▁▁▁▁▁▁▁
 107142   7.4999     8.5252   ▁▁▁▁▁▁▂▂▂▂▃▃▄▄▅▅▆▆▇▇███████▇▇▆▆▅▅▄▄▃▃▂▂▂▂▁▁▁▁▁▁▁
 142856   9.9999    11.3679   ▁▁▂▂▂▂▂▂▃▃▄▄▄▅▅▆▆▇▇▇███████▇▇▇▆▆▅▅▄▄▄▃▃▂▂▂▂▂▂▁▁▁
 178570  12.4999    14.2069   ▂▂▂▂▂▂▃▃▃▄▄▅▅▅▆▆▇▇▇█████████▇▇▇▆▆▅▅▅▄▄▃▃▃▃▂▂▂▂▂▂
 214284  14.9999    17.0407   ▂▂▂▃▃▃▃▄▄▄▅▅▅▆▆▆▇▇▇█████████▇▇▇▇▆▆▅▅▅▄▄▄▃▃▃▃▂▂▂▂
 249998  17.4999    19.8736   ▃▃▃▃▃▄▄▄▄▅▅▅▆▆▆▇▇▇▇██████████▇▇▇▆▆▆▅▅▅▄▄▄▄▃▃▃▃▃▃
 285712  19.9998    22.7039   ▃▃▃▄▄▄▄▄▅▅▅▆▆▆▇▇▇▇███████████▇▇▇▇▆▆▆▅▅▅▄▄▄▄▄▃▃▃▃
 321426  22.4998    25.5349   ▄▄▄▄▄▄▅▅▅▅▆▆▆▆▇▇▇▇███████████▇▇▇▇▇▆▆▆▅▅▅▅▄▄▄▄▄▄▄
 357140  24.9998    28.3657   ▄▄▄▅▅▅▅▅▅▆▆▆▆▇▇▇▇█████████████▇▇▇▇▆▆▆▆▅▅▅▅▅▅▄▄▄▄
 392854  27.4998    31.2000   ▅▅▅▅▅▅▅▆▆▆▆▆▇▇▇▇▇█████████████▇▇▇▇▇▆▆▆▆▆▅▅▅▅▅▅▅▅
 428568  29.9998    34.0302   ▅▅▅▅▅▆▆▆▆▆▆▇▇▇▇▇▇█████████████▇▇▇▇▇▇▆▆▆▆▆▆▅▅▅▅▅▅
 464282  32.4997    36.8618   ▆▆▆▆▆▆▆▆▆▆▇▇▇▇▇▇███████████████▇▇▇▇▇▇▆▆▆▆▆▆▆▆▆▆▆
 499996  34.9997    39.6915   ▆▆▆▆▆▆▆▆▇▇▇▇▇▇▇▇████████████████▇▇▇▇▇▇▇▆▆▆▆▆▆▆▆▆
 535710  37.4997    42.5209   ▆▆▆▆▆▆▇▇▇▇▇▇▇▇▇█████████████████▇▇▇▇▇▇▇▇▇▆▆▆▆▆▆▆
 571424  39.9997    45.3474   ▆▆▆▇▇▇▇▇▇▇▇▇▇▇███████████████████▇▇▇▇▇▇▇▇▇▇▇▆▆▆▆
 607138  42.4997    48.1749   ▇▇▇▇▇▇▇▇▇▇▇▇▇█████████████████████▇▇▇▇▇▇▇▇▇▇▇▇▇▇
 642852  44.9996    51.0034   ▇▇▇▇▇▇▇▇▇▇▇▇███████████████████████▇▇▇▇▇▇▇▇▇▇▇▇▇
 678566  47.4996    53.8310   ▇▇▇▇▇▇▇▇▇▇▇█████████████████████████▇▇▇▇▇▇▇▇▇▇▇▇
 714280  49.9996    56.6610   ▇▇▇▇▇▇▇▇▇▇███████████████████████████▇▇▇▇▇▇▇▇▇▇▇
 749994  52.4996    59.4891   ▇▇▇▇▇▇▇▇███████████████████████████████▇▇▇▇▇▇▇▇▇
 785708  54.9996    62.3171   ▇▇▇▇▇▇███████████████████████████████████▇▇▇▇▇▇▇
 821422  57.4995    65.1475   ▇▇▇█████████████████████████████████████████▇▇▇▇
 857136  59.9995    67.9807   ████████████████████████████████████████████████
 892850  62.4995    70.8111   ████████████████████████████████████████████████
 928564  64.9995    73.6407   ████████████████████████████████████████████████
 964278  67.4995    76.4682   ████████████████████████████████████████████████
 999992  69.9994    79.2948   ████████████████████████████████████████████████
1035706  72.4994    82.1209   ████████████████████████████████████████████████
1071420  74.9994    84.9496   ████████████████████████████████████████████████
1107134  77.4994    87.7776   ████████████████████████████████████████████████
1142848  79.9994    90.6043   ████████████████████████████████████████████████
1178562  82.4993    93.4325   ████████████████████████████████████████████████
1214276  84.9993    96.2580   ████████████████████████████████████████████████
1249990  87.4993    99.0837   ████████████████████████████████████████████████
1285704  89.9993   101.9109   ████████████████████████████████████████████████
1321418  92.4993   104.7396   ████████████████████████████████████████████████
1357132  94.9992   107.5691   ████████████████████████████████████████████████
1392846  97.4992   110.4003   ████████████████████████████████████████████████
1428560  99.9992   113.2312   ████████████████████████████████████████████████
   Step   Time    Walltime(s) Profile
      0   0.0000     0.0009   ▁▁▁▁▁▁▁▁▁▁▁▁▁▁▁▁▁▁▁▁▁▁▁█▁▁▁▁▁▁▁▁▁▁▁▁▁▁▁▁▁▁▁▁▁▁▁▁
  35714   2.5000     2.7398   ▁▁▁▁▁▁▁▁▁▁▁▁▁▂▂▃▃▄▅▆▇█████▇▆▅▄▃▃▂▂▁▁▁▁▁▁▁▁▁▁▁▁▁▁
  71428   5.0000     5.4882   ▁▁▁▁▁▁▁▁▁▂▂▂▃▃▄▄▅▆▆▇▇█████▇▇▆▆▅▄▄▃▃▂▂▂▁▁▁▁▁▁▁▁▁▁
 107142   7.4999     8.2416   ▁▁▁▁▁▁▂▂▂▂▃▃▄▄▅▅▆▆▇▇███████▇▇▆▆▅▅▄▄▃▃▂▂▂▂▁▁▁▁▁▁▁
 142856   9.9999    10.9877   ▁▁▂▂▂▂▂▂▃▃▄▄▄▅▅▆▆▇▇▇███████▇▇▇▆▆▅▅▄▄▄▃▃▂▂▂▂▂▂▁▁▁
 178570  12.4999    13.7290   ▂▂▂▂▂▂▃▃▃▄▄▅▅▅▆▆▇▇▇█████████▇▇▇▆▆▅▅▅▄▄▃▃▃▃▂▂▂▂▂▂
 214284  14.9999    16.4666   ▂▂▂▃▃▃▃▄▄▄▅▅▅▆▆▆▇▇▇█████████▇▇▇▇▆▆▅▅▅▄▄▄▃▃▃▃▂▂▂▂
 249998  17.4999    19.1965   ▃▃▃▃▃▄▄▄▄▅▅▅▆▆▆▇▇▇▇██████████▇▇▇▆▆▆▅▅▅▄▄▄▄▃▃▃▃▃▃
 285712  19.9998    21.9298   ▃▃▃▄▄▄▄▄▅▅▅▆▆▆▇▇▇▇███████████▇▇▇▇▆▆▆▅▅▅▄▄▄▄▄▃▃▃▃
 321426  22.4998    24.6642   ▄▄▄▄▄▄▅▅▅▅▆▆▆▆▇▇▇▇███████████▇▇▇▇▇▆▆▆▅▅▅▅▄▄▄▄▄▄▄
 357140  24.9998    27.3981   ▄▄▄▅▅▅▅▅▅▆▆▆▆▇▇▇▇█████████████▇▇▇▇▆▆▆▆▅▅▅▅▅▅▄▄▄▄
 392854  27.4998    30.1312   ▅▅▅▅▅▅▅▆▆▆▆▆▇▇▇▇▇█████████████▇▇▇▇▇▆▆▆▆▆▅▅▅▅▅▅▅▅
 428568  29.9998    32.8661   ▅▅▅▅▅▆▆▆▆▆▆▇▇▇▇▇▇█████████████▇▇▇▇▇▇▆▆▆▆▆▆▅▅▅▅▅▅
 464282  32.4997    35.6049   ▆▆▆▆▆▆▆▆▆▆▇▇▇▇▇▇███████████████▇▇▇▇▇▇▆▆▆▆▆▆▆▆▆▆▆
 499996  34.9997    38.3443   ▆▆▆▆▆▆▆▆▇▇▇▇▇▇▇▇████████████████▇▇▇▇▇▇▇▆▆▆▆▆▆▆▆▆
 535710  37.4997    41.0795   ▆▆▆▆▆▆▇▇▇▇▇▇▇▇▇█████████████████▇▇▇▇▇▇▇▇▇▆▆▆▆▆▆▆
slurmstepd: error: *** JOB 83438 ON teach02 CANCELLED AT 2020-03-29T01:30:06 DUE TO TIME LIMIT ***

scontrol show jobid 83438
JobId=83438 JobName=diffring
   UserId=phy1610student010(1901410) GroupId=teachphy1610(1900004) MCS_label=N/A
   Priority=473779 Nice=0 Account=teach QOS=normal
   JobState=COMPLETING Reason=TimeLimit Dependency=(null)
   Requeue=0 Restarts=0 BatchFlag=1 Reboot=0 ExitCode=0:15
   RunTime=01:00:18 TimeLimit=01:00:00 TimeMin=N/A
   SubmitTime=2020-03-29T00:29:47 EligibleTime=2020-03-29T00:29:47
   AccrueTime=2020-03-29T00:29:47
   StartTime=2020-03-29T00:29:48 EndTime=2020-03-29T01:30:06 Deadline=N/A
   SuspendTime=None SecsPreSuspend=0 LastSchedEval=2020-03-29T00:29:48
   Partition=compute AllocNode:Sid=teach01:22087
   ReqNodeList=(null) ExcNodeList=(null)
   NodeList=teach02
   BatchHost=teach02
   NumNodes=1 NumCPUs=16 NumTasks=1 CPUs/Task=16 ReqB:S:C:T=0:0:*:*
   TRES=cpu=16,node=1,billing=16
   Socks/Node=* NtasksPerN:B:S:C=0:0:*:1 CoreSpec=*
   MinCPUsNode=16 MinMemoryNode=0 MinTmpDiskNode=0
   Features=(null) DelayBoot=00:00:00
   OverSubscribe=OK Contiguous=0 Licenses=(null) Network=(null)
   Command=/gpfs/fs0/scratch/t/teachphy1610/phy1610student010/antsonring/submit_diffring.sh
   WorkDir=/gpfs/fs0/scratch/t/teachphy1610/phy1610student010/antsonring
   StdErr=/gpfs/fs0/scratch/t/teachphy1610/phy1610student010/antsonring/slurm-83438.out
   StdIn=/dev/null
   StdOut=/gpfs/fs0/scratch/t/teachphy1610/phy1610student010/antsonring/slurm-83438.out
   Power=

sacct -j 83438
       JobID    JobName    Account    Elapsed  MaxVMSize     MaxRSS  SystemCPU    UserCPU ExitCode 
------------ ---------- ---------- ---------- ---------- ---------- ---------- ---------- -------- 
83438          diffring      teach   01:00:18                        09:48.303   03:53:10      0:0 
83438.batch       batch      teach   01:00:19    734512K     49812K  09:48.302   03:53:10     0:15 
83438.extern     extern      teach   01:00:18    141216K       876K   00:00:00   00:00:00      0:0 
