   Step   Time    Walltime(s) Profile
      0   0.0000     0.0010   ▁▁▁▁▁▁▁▁▁▁▁▁▁▁▁▁▁▁▁▁▁▁▁█▁▁▁▁▁▁▁▁▁▁▁▁▁▁▁▁▁▁▁▁▁▁▁▁
  35714   2.5000     2.8405   ▁▁▁▁▁▁▁▁▁▁▁▁▁▂▂▃▃▄▅▆▇█████▇▆▅▄▃▃▂▂▁▁▁▁▁▁▁▁▁▁▁▁▁▁
  71428   5.0000     5.6755   ▁▁▁▁▁▁▁▁▁▂▂▂▃▃▄▄▅▆▆▇▇█████▇▇▆▆▅▄▄▃▃▂▂▂▁▁▁▁▁▁▁▁▁▁
 107142   7.4999     8.5108   ▁▁▁▁▁▁▂▂▂▂▃▃▄▄▅▅▆▆▇▇███████▇▇▆▆▅▅▄▄▃▃▂▂▂▂▁▁▁▁▁▁▁
 142856   9.9999    11.3145   ▁▁▂▂▂▂▂▂▃▃▄▄▄▅▅▆▆▇▇▇███████▇▇▇▆▆▅▅▄▄▄▃▃▂▂▂▂▂▂▁▁▁
 178570  12.4999    14.1217   ▂▂▂▂▂▂▃▃▃▄▄▅▅▅▆▆▇▇▇█████████▇▇▇▆▆▅▅▅▄▄▃▃▃▃▂▂▂▂▂▂
 214284  14.9999    16.9262   ▂▂▂▃▃▃▃▄▄▄▅▅▅▆▆▆▇▇▇█████████▇▇▇▇▆▆▅▅▅▄▄▄▃▃▃▃▂▂▂▂
 249998  17.4999    19.7304   ▃▃▃▃▃▄▄▄▄▅▅▅▆▆▆▇▇▇▇██████████▇▇▇▆▆▆▅▅▅▄▄▄▄▃▃▃▃▃▃
 285712  19.9998    22.5399   ▃▃▃▄▄▄▄▄▅▅▅▆▆▆▇▇▇▇███████████▇▇▇▇▆▆▆▅▅▅▄▄▄▄▄▃▃▃▃
 321426  22.4998    25.3455   ▄▄▄▄▄▄▅▅▅▅▆▆▆▆▇▇▇▇███████████▇▇▇▇▇▆▆▆▅▅▅▅▄▄▄▄▄▄▄
 357140  24.9998    28.1503   ▄▄▄▅▅▅▅▅▅▆▆▆▆▇▇▇▇█████████████▇▇▇▇▆▆▆▆▅▅▅▅▅▅▄▄▄▄
 392854  27.4998    30.9606   ▅▅▅▅▅▅▅▆▆▆▆▆▇▇▇▇▇█████████████▇▇▇▇▇▆▆▆▆▆▅▅▅▅▅▅▅▅
 428568  29.9998    33.7628   ▅▅▅▅▅▆▆▆▆▆▆▇▇▇▇▇▇█████████████▇▇▇▇▇▇▆▆▆▆▆▆▅▅▅▅▅▅
 464282  32.4997    36.5613   ▆▆▆▆▆▆▆▆▆▆▇▇▇▇▇▇███████████████▇▇▇▇▇▇▆▆▆▆▆▆▆▆▆▆▆
 499996  34.9997    39.3698   ▆▆▆▆▆▆▆▆▇▇▇▇▇▇▇▇████████████████▇▇▇▇▇▇▇▆▆▆▆▆▆▆▆▆
 535710  37.4997    42.1738   ▆▆▆▆▆▆▇▇▇▇▇▇▇▇▇█████████████████▇▇▇▇▇▇▇▇▇▆▆▆▆▆▆▆
 571424  39.9997    44.9771   ▆▆▆▇▇▇▇▇▇▇▇▇▇▇███████████████████▇▇▇▇▇▇▇▇▇▇▇▆▆▆▆
 607138  42.4997    47.7883   ▇▇▇▇▇▇▇▇▇▇▇▇▇█████████████████████▇▇▇▇▇▇▇▇▇▇▇▇▇▇
 642852  44.9996    50.5922   ▇▇▇▇▇▇▇▇▇▇▇▇███████████████████████▇▇▇▇▇▇▇▇▇▇▇▇▇
 678566  47.4996    53.3952   ▇▇▇▇▇▇▇▇▇▇▇█████████████████████████▇▇▇▇▇▇▇▇▇▇▇▇
 714280  49.9996    56.2026   ▇▇▇▇▇▇▇▇▇▇███████████████████████████▇▇▇▇▇▇▇▇▇▇▇
 749994  52.4996    59.0068   ▇▇▇▇▇▇▇▇███████████████████████████████▇▇▇▇▇▇▇▇▇
 785708  54.9996    61.8108   ▇▇▇▇▇▇███████████████████████████████████▇▇▇▇▇▇▇
 821422  57.4995    64.6181   ▇▇▇█████████████████████████████████████████▇▇▇▇
 857136  59.9995    67.4219   ████████████████████████████████████████████████
 892850  62.4995    70.2276   ████████████████████████████████████████████████
 928564  64.9995    73.0376   ████████████████████████████████████████████████
 964278  67.4995    75.8439   ████████████████████████████████████████████████
 999992  69.9994    78.6503   ████████████████████████████████████████████████
1035706  72.4994    81.4606   ████████████████████████████████████████████████
1071420  74.9994    84.2657   ████████████████████████████████████████████████
1107134  77.4994    87.0713   ████████████████████████████████████████████████
1142848  79.9994    89.8808   ████████████████████████████████████████████████
1178562  82.4993    92.6902   ████████████████████████████████████████████████
1214276  84.9993    95.4927   ████████████████████████████████████████████████
1249990  87.4993    98.2982   ████████████████████████████████████████████████
1285704  89.9993   101.1020   ████████████████████████████████████████████████
1321418  92.4993   103.9054   ████████████████████████████████████████████████
1357132  94.9992   106.7168   ████████████████████████████████████████████████
1392846  97.4992   109.5195   ████████████████████████████████████████████████
1428560  99.9992   112.3211   ████████████████████████████████████████████████
   Step   Time    Walltime(s) Profile
      0   0.0000     0.0009   ▁▁▁▁▁▁▁▁▁▁▁▁▁▁▁▁▁▁▁▁▁▁▁█▁▁▁▁▁▁▁▁▁▁▁▁▁▁▁▁▁▁▁▁▁▁▁▁
  35714   2.5000     2.7459   ▁▁▁▁▁▁▁▁▁▁▁▁▁▂▂▃▃▄▅▆▇█████▇▆▅▄▃▃▂▂▁▁▁▁▁▁▁▁▁▁▁▁▁▁
  71428   5.0000     5.4885   ▁▁▁▁▁▁▁▁▁▂▂▂▃▃▄▄▅▆▆▇▇█████▇▇▆▆▅▄▄▃▃▂▂▂▁▁▁▁▁▁▁▁▁▁
 107142   7.4999     8.2366   ▁▁▁▁▁▁▂▂▂▂▃▃▄▄▅▅▆▆▇▇███████▇▇▆▆▅▅▄▄▃▃▂▂▂▂▁▁▁▁▁▁▁
 142856   9.9999    10.9820   ▁▁▂▂▂▂▂▂▃▃▄▄▄▅▅▆▆▇▇▇███████▇▇▇▆▆▅▅▄▄▄▃▃▂▂▂▂▂▂▁▁▁
 178570  12.4999    13.7256   ▂▂▂▂▂▂▃▃▃▄▄▅▅▅▆▆▇▇▇█████████▇▇▇▆▆▅▅▅▄▄▃▃▃▃▂▂▂▂▂▂
 214284  14.9999    16.4708   ▂▂▂▃▃▃▃▄▄▄▅▅▅▆▆▆▇▇▇█████████▇▇▇▇▆▆▅▅▅▄▄▄▃▃▃▃▂▂▂▂
 249998  17.4999    19.2081   ▃▃▃▃▃▄▄▄▄▅▅▅▆▆▆▇▇▇▇██████████▇▇▇▆▆▆▅▅▅▄▄▄▄▃▃▃▃▃▃
 285712  19.9998    21.9405   ▃▃▃▄▄▄▄▄▅▅▅▆▆▆▇▇▇▇███████████▇▇▇▇▆▆▆▅▅▅▄▄▄▄▄▃▃▃▃
 321426  22.4998    24.6806   ▄▄▄▄▄▄▅▅▅▅▆▆▆▆▇▇▇▇███████████▇▇▇▇▇▆▆▆▅▅▅▅▄▄▄▄▄▄▄
 357140  24.9998    27.4150   ▄▄▄▅▅▅▅▅▅▆▆▆▆▇▇▇▇█████████████▇▇▇▇▆▆▆▆▅▅▅▅▅▅▄▄▄▄
 392854  27.4998    30.1580   ▅▅▅▅▅▅▅▆▆▆▆▆▇▇▇▇▇█████████████▇▇▇▇▇▆▆▆▆▆▅▅▅▅▅▅▅▅
 428568  29.9998    32.8609   ▅▅▅▅▅▆▆▆▆▆▆▇▇▇▇▇▇█████████████▇▇▇▇▇▇▆▆▆▆▆▆▅▅▅▅▅▅
 464282  32.4997    35.5895   ▆▆▆▆▆▆▆▆▆▆▇▇▇▇▇▇███████████████▇▇▇▇▇▇▆▆▆▆▆▆▆▆▆▆▆
 499996  34.9997    38.2830   ▆▆▆▆▆▆▆▆▇▇▇▇▇▇▇▇████████████████▇▇▇▇▇▇▇▆▆▆▆▆▆▆▆▆
 535710  37.4997    40.9987   ▆▆▆▆▆▆▇▇▇▇▇▇▇▇▇█████████████████▇▇▇▇▇▇▇▇▇▆▆▆▆▆▆▆
 571424  39.9997    43.7308   ▆▆▆▇▇▇▇▇▇▇▇▇▇▇███████████████████▇▇▇▇▇▇▇▇▇▇▇▆▆▆▆
 607138  42.4997    46.4190   ▇▇▇▇▇▇▇▇▇▇▇▇▇█████████████████████▇▇▇▇▇▇▇▇▇▇▇▇▇▇
 642852  44.9996    49.1100   ▇▇▇▇▇▇▇▇▇▇▇▇███████████████████████▇▇▇▇▇▇▇▇▇▇▇▇▇
 678566  47.4996    51.7969   ▇▇▇▇▇▇▇▇▇▇▇█████████████████████████▇▇▇▇▇▇▇▇▇▇▇▇
 714280  49.9996    54.4802   ▇▇▇▇▇▇▇▇▇▇███████████████████████████▇▇▇▇▇▇▇▇▇▇▇
 749994  52.4996    57.1706   ▇▇▇▇▇▇▇▇███████████████████████████████▇▇▇▇▇▇▇▇▇
 785708  54.9996    59.8610   ▇▇▇▇▇▇███████████████████████████████████▇▇▇▇▇▇▇
 821422  57.4995    62.5487   ▇▇▇█████████████████████████████████████████▇▇▇▇
 857136  59.9995    65.2386   ████████████████████████████████████████████████
 892850  62.4995    67.9274   ████████████████████████████████████████████████
 928564  64.9995    70.6124   ████████████████████████████████████████████████
 964278  67.4995    73.3001   ████████████████████████████████████████████████
 999992  69.9994    75.9881   ████████████████████████████████████████████████
1035706  72.4994    78.6743   ████████████████████████████████████████████████
1071420  74.9994    81.3608   ████████████████████████████████████████████████
1107134  77.4994    84.0504   ████████████████████████████████████████████████
1142848  79.9994    86.7401   ████████████████████████████████████████████████
1178562  82.4993    89.4222   ████████████████████████████████████████████████
1214276  84.9993    92.1101   ████████████████████████████████████████████████
1249990  87.4993    94.7978   ████████████████████████████████████████████████
1285704  89.9993    97.4866   ████████████████████████████████████████████████
1321418  92.4993   100.1755   ████████████████████████████████████████████████
1357132  94.9992   102.8616   ████████████████████████████████████████████████
1392846  97.4992   105.5441   ████████████████████████████████████████████████
1428560  99.9992   108.2315   ████████████████████████████████████████████████
   Step   Time    Walltime(s) Profile
      0   0.0000     0.0009   ▁▁▁▁▁▁▁▁▁▁▁▁▁▁▁▁▁▁▁▁▁▁▁█▁▁▁▁▁▁▁▁▁▁▁▁▁▁▁▁▁▁▁▁▁▁▁▁
  35714   2.5000     2.5606   ▁▁▁▁▁▁▁▁▁▁▁▁▁▂▂▃▃▄▅▆▇█████▇▆▅▄▃▃▂▂▁▁▁▁▁▁▁▁▁▁▁▁▁▁
  71428   5.0000     5.1200   ▁▁▁▁▁▁▁▁▁▂▂▂▃▃▄▄▅▆▆▇▇█████▇▇▆▆▅▄▄▃▃▂▂▂▁▁▁▁▁▁▁▁▁▁
 107142   7.4999     7.6850   ▁▁▁▁▁▁▂▂▂▂▃▃▄▄▅▅▆▆▇▇███████▇▇▆▆▅▅▄▄▃▃▂▂▂▂▁▁▁▁▁▁▁
 142856   9.9999    10.2538   ▁▁▂▂▂▂▂▂▃▃▄▄▄▅▅▆▆▇▇▇███████▇▇▇▆▆▅▅▄▄▄▃▃▂▂▂▂▂▂▁▁▁
 178570  12.4999    12.8227   ▂▂▂▂▂▂▃▃▃▄▄▅▅▅▆▆▇▇▇█████████▇▇▇▆▆▅▅▅▄▄▃▃▃▃▂▂▂▂▂▂
 214284  14.9999    15.4104   ▂▂▂▃▃▃▃▄▄▄▅▅▅▆▆▆▇▇▇█████████▇▇▇▇▆▆▅▅▅▄▄▄▃▃▃▃▂▂▂▂
 249998  17.4999    17.9822   ▃▃▃▃▃▄▄▄▄▅▅▅▆▆▆▇▇▇▇██████████▇▇▇▆▆▆▅▅▅▄▄▄▄▃▃▃▃▃▃
 285712  19.9998    20.5535   ▃▃▃▄▄▄▄▄▅▅▅▆▆▆▇▇▇▇███████████▇▇▇▇▆▆▆▅▅▅▄▄▄▄▄▃▃▃▃
 321426  22.4998    23.1270   ▄▄▄▄▄▄▅▅▅▅▆▆▆▆▇▇▇▇███████████▇▇▇▇▇▆▆▆▅▅▅▅▄▄▄▄▄▄▄
 357140  24.9998    25.6935   ▄▄▄▅▅▅▅▅▅▆▆▆▆▇▇▇▇█████████████▇▇▇▇▆▆▆▆▅▅▅▅▅▅▄▄▄▄
 392854  27.4998    28.2591   ▅▅▅▅▅▅▅▆▆▆▆▆▇▇▇▇▇█████████████▇▇▇▇▇▆▆▆▆▆▅▅▅▅▅▅▅▅
 428568  29.9998    30.8268   ▅▅▅▅▅▆▆▆▆▆▆▇▇▇▇▇▇█████████████▇▇▇▇▇▇▆▆▆▆▆▆▅▅▅▅▅▅
 464282  32.4997    33.3950   ▆▆▆▆▆▆▆▆▆▆▇▇▇▇▇▇███████████████▇▇▇▇▇▇▆▆▆▆▆▆▆▆▆▆▆
 499996  34.9997    35.9630   ▆▆▆▆▆▆▆▆▇▇▇▇▇▇▇▇████████████████▇▇▇▇▇▇▇▆▆▆▆▆▆▆▆▆
 535710  37.4997    38.5331   ▆▆▆▆▆▆▇▇▇▇▇▇▇▇▇█████████████████▇▇▇▇▇▇▇▇▇▆▆▆▆▆▆▆
 571424  39.9997    41.1005   ▆▆▆▇▇▇▇▇▇▇▇▇▇▇███████████████████▇▇▇▇▇▇▇▇▇▇▇▆▆▆▆
 607138  42.4997    43.6646   ▇▇▇▇▇▇▇▇▇▇▇▇▇█████████████████████▇▇▇▇▇▇▇▇▇▇▇▇▇▇
 642852  44.9996    46.2337   ▇▇▇▇▇▇▇▇▇▇▇▇███████████████████████▇▇▇▇▇▇▇▇▇▇▇▇▇
 678566  47.4996    48.8042   ▇▇▇▇▇▇▇▇▇▇▇█████████████████████████▇▇▇▇▇▇▇▇▇▇▇▇
 714280  49.9996    51.3729   ▇▇▇▇▇▇▇▇▇▇███████████████████████████▇▇▇▇▇▇▇▇▇▇▇
 749994  52.4996    53.9421   ▇▇▇▇▇▇▇▇███████████████████████████████▇▇▇▇▇▇▇▇▇
 785708  54.9996    56.5130   ▇▇▇▇▇▇███████████████████████████████████▇▇▇▇▇▇▇
 821422  57.4995    59.0817   ▇▇▇█████████████████████████████████████████▇▇▇▇
 857136  59.9995    61.6506   ████████████████████████████████████████████████
 892850  62.4995    64.2215   ████████████████████████████████████████████████
 928564  64.9995    66.7899   ████████████████████████████████████████████████
 964278  67.4995    69.3584   ████████████████████████████████████████████████
 999992  69.9994    71.9282   ████████████████████████████████████████████████
1035706  72.4994    74.4983   ████████████████████████████████████████████████
1071420  74.9994    77.0675   ████████████████████████████████████████████████
1107134  77.4994    79.6364   ████████████████████████████████████████████████
1142848  79.9994    82.2069   ████████████████████████████████████████████████
1178562  82.4993    84.7756   ████████████████████████████████████████████████
1214276  84.9993    87.3453   ████████████████████████████████████████████████
1249990  87.4993    89.9160   ████████████████████████████████████████████████
1285704  89.9993    92.4845   ████████████████████████████████████████████████
1321418  92.4993    95.0530   ████████████████████████████████████████████████
1357132  94.9992    97.6238   ████████████████████████████████████████████████
1392846  97.4992   100.1925   ████████████████████████████████████████████████
1428560  99.9992   102.7620   ████████████████████████████████████████████████
   Step   Time    Walltime(s) Profile
      0   0.0000     0.0009   ▁▁▁▁▁▁▁▁▁▁▁▁▁▁▁▁▁▁▁▁▁▁▁█▁▁▁▁▁▁▁▁▁▁▁▁▁▁▁▁▁▁▁▁▁▁▁▁
  35714   2.5000     2.4323   ▁▁▁▁▁▁▁▁▁▁▁▁▁▂▂▃▃▄▅▆▇█████▇▆▅▄▃▃▂▂▁▁▁▁▁▁▁▁▁▁▁▁▁▁
  71428   5.0000     4.8596   ▁▁▁▁▁▁▁▁▁▂▂▂▃▃▄▄▅▆▆▇▇█████▇▇▆▆▅▄▄▃▃▂▂▂▁▁▁▁▁▁▁▁▁▁
 107142   7.4999     7.2861   ▁▁▁▁▁▁▂▂▂▂▃▃▄▄▅▅▆▆▇▇███████▇▇▆▆▅▅▄▄▃▃▂▂▂▂▁▁▁▁▁▁▁
 142856   9.9999     9.7193   ▁▁▂▂▂▂▂▂▃▃▄▄▄▅▅▆▆▇▇▇███████▇▇▇▆▆▅▅▄▄▄▃▃▂▂▂▂▂▂▁▁▁
 178570  12.4999    12.1614   ▂▂▂▂▂▂▃▃▃▄▄▅▅▅▆▆▇▇▇█████████▇▇▇▆▆▅▅▅▄▄▃▃▃▃▂▂▂▂▂▂
 214284  14.9999    14.6050   ▂▂▂▃▃▃▃▄▄▄▅▅▅▆▆▆▇▇▇█████████▇▇▇▇▆▆▅▅▅▄▄▄▃▃▃▃▂▂▂▂
 249998  17.4999    17.0480   ▃▃▃▃▃▄▄▄▄▅▅▅▆▆▆▇▇▇▇██████████▇▇▇▆▆▆▅▅▅▄▄▄▄▃▃▃▃▃▃
 285712  19.9998    19.4900   ▃▃▃▄▄▄▄▄▅▅▅▆▆▆▇▇▇▇███████████▇▇▇▇▆▆▆▅▅▅▄▄▄▄▄▃▃▃▃
 321426  22.4998    21.9325   ▄▄▄▄▄▄▅▅▅▅▆▆▆▆▇▇▇▇███████████▇▇▇▇▇▆▆▆▅▅▅▅▄▄▄▄▄▄▄
 357140  24.9998    24.3702   ▄▄▄▅▅▅▅▅▅▆▆▆▆▇▇▇▇█████████████▇▇▇▇▆▆▆▆▅▅▅▅▅▅▄▄▄▄
 392854  27.4998    26.8115   ▅▅▅▅▅▅▅▆▆▆▆▆▇▇▇▇▇█████████████▇▇▇▇▇▆▆▆▆▆▅▅▅▅▅▅▅▅
 428568  29.9998    29.2477   ▅▅▅▅▅▆▆▆▆▆▆▇▇▇▇▇▇█████████████▇▇▇▇▇▇▆▆▆▆▆▆▅▅▅▅▅▅
 464282  32.4997    31.6834   ▆▆▆▆▆▆▆▆▆▆▇▇▇▇▇▇███████████████▇▇▇▇▇▇▆▆▆▆▆▆▆▆▆▆▆
 499996  34.9997    34.1195   ▆▆▆▆▆▆▆▆▇▇▇▇▇▇▇▇████████████████▇▇▇▇▇▇▇▆▆▆▆▆▆▆▆▆
 535710  37.4997    36.5601   ▆▆▆▆▆▆▇▇▇▇▇▇▇▇▇█████████████████▇▇▇▇▇▇▇▇▇▆▆▆▆▆▆▆
 571424  39.9997    38.9964   ▆▆▆▇▇▇▇▇▇▇▇▇▇▇███████████████████▇▇▇▇▇▇▇▇▇▇▇▆▆▆▆
 607138  42.4997    41.4327   ▇▇▇▇▇▇▇▇▇▇▇▇▇█████████████████████▇▇▇▇▇▇▇▇▇▇▇▇▇▇
 642852  44.9996    43.8716   ▇▇▇▇▇▇▇▇▇▇▇▇███████████████████████▇▇▇▇▇▇▇▇▇▇▇▇▇
 678566  47.4996    46.3100   ▇▇▇▇▇▇▇▇▇▇▇█████████████████████████▇▇▇▇▇▇▇▇▇▇▇▇
 714280  49.9996    48.7470   ▇▇▇▇▇▇▇▇▇▇███████████████████████████▇▇▇▇▇▇▇▇▇▇▇
 749994  52.4996    51.1874   ▇▇▇▇▇▇▇▇███████████████████████████████▇▇▇▇▇▇▇▇▇
 785708  54.9996    53.6261   ▇▇▇▇▇▇███████████████████████████████████▇▇▇▇▇▇▇
 821422  57.4995    56.0658   ▇▇▇█████████████████████████████████████████▇▇▇▇
 857136  59.9995    58.5041   ████████████████████████████████████████████████
 892850  62.4995    60.9403   ████████████████████████████████████████████████
 928564  64.9995    63.3744   ████████████████████████████████████████████████
 964278  67.4995    65.8101   ████████████████████████████████████████████████
 999992  69.9994    68.2460   ████████████████████████████████████████████████
1035706  72.4994    70.6834   ████████████████████████████████████████████████
1071420  74.9994    73.1186   ████████████████████████████████████████████████
1107134  77.4994    75.5541   ████████████████████████████████████████████████
1142848  79.9994    77.9902   ████████████████████████████████████████████████
1178562  82.4993    80.4246   ████████████████████████████████████████████████
1214276  84.9993    82.8571   ████████████████████████████████████████████████
1249990  87.4993    85.2951   ████████████████████████████████████████████████
1285704  89.9993    87.7285   ████████████████████████████████████████████████
1321418  92.4993    90.1620   ████████████████████████████████████████████████
1357132  94.9992    92.5977   ████████████████████████████████████████████████
1392846  97.4992    95.0329   ████████████████████████████████████████████████
1428560  99.9992    97.4668   ████████████████████████████████████████████████
   Step   Time    Walltime(s) Profile
      0   0.0000     0.0009   ▁▁▁▁▁▁▁▁▁▁▁▁▁▁▁▁▁▁▁▁▁▁▁█▁▁▁▁▁▁▁▁▁▁▁▁▁▁▁▁▁▁▁▁▁▁▁▁
  35714   2.5000     2.3017   ▁▁▁▁▁▁▁▁▁▁▁▁▁▂▂▃▃▄▅▆▇█████▇▆▅▄▃▃▂▂▁▁▁▁▁▁▁▁▁▁▁▁▁▁
  71428   5.0000     4.6007   ▁▁▁▁▁▁▁▁▁▂▂▂▃▃▄▄▅▆▆▇▇█████▇▇▆▆▅▄▄▃▃▂▂▂▁▁▁▁▁▁▁▁▁▁
 107142   7.4999     6.8971   ▁▁▁▁▁▁▂▂▂▂▃▃▄▄▅▅▆▆▇▇███████▇▇▆▆▅▅▄▄▃▃▂▂▂▂▂▁▁▁▁▁▁
 142856   9.9999     9.1976   ▁▁▂▂▂▂▂▂▃▃▄▄▄▅▅▆▆▇▇▇███████▇▇▇▆▆▅▅▄▄▄▃▃▂▂▂▂▂▂▁▁▁
 178570  12.4999    11.4969   ▂▂▂▂▂▂▃▃▃▄▄▅▅▅▆▆▇▇▇█████████▇▇▇▆▆▅▅▅▄▄▃▃▃▃▂▂▂▂▂▂
 214284  14.9999    13.7938   ▂▂▂▃▃▃▃▄▄▄▅▅▅▆▆▆▇▇▇█████████▇▇▇▇▆▆▅▅▅▄▄▄▃▃▃▃▂▂▂▂
 249998  17.4999    16.0904   ▃▃▃▃▃▃▄▄▄▅▅▅▆▆▆▇▇▇▇██████████▇▇▇▆▆▆▅▅▅▄▄▄▄▃▃▃▃▃▃
 285712  19.9998    18.3890   ▃▃▃▄▄▄▄▄▅▅▅▆▆▆▇▇▇▇███████████▇▇▇▇▆▆▆▅▅▅▄▄▄▄▄▃▃▃▃
 321426  22.4998    20.6876   ▄▄▄▄▄▄▅▅▅▅▆▆▆▆▇▇▇▇███████████▇▇▇▇▇▆▆▆▅▅▅▅▄▄▄▄▄▄▄
 357140  24.9998    22.9845   ▄▄▄▅▅▅▅▅▅▆▆▆▆▇▇▇▇█████████████▇▇▇▇▆▆▆▆▅▅▅▅▅▅▄▄▄▄
 392854  27.4998    25.2814   ▅▅▅▅▅▅▅▆▆▆▆▆▇▇▇▇▇█████████████▇▇▇▇▇▆▆▆▆▆▅▅▅▅▅▅▅▅
 428568  29.9998    27.5816   ▅▅▅▅▅▆▆▆▆▆▆▇▇▇▇▇▇█████████████▇▇▇▇▇▇▆▆▆▆▆▆▅▅▅▅▅▅
 464282  32.4997    29.8789   ▆▆▆▆▆▆▆▆▆▆▇▇▇▇▇▇███████████████▇▇▇▇▇▇▆▆▆▆▆▆▆▆▆▆▆
 499996  34.9997    32.1792   ▆▆▆▆▆▆▆▆▇▇▇▇▇▇▇▇████████████████▇▇▇▇▇▇▇▆▆▆▆▆▆▆▆▆
 535710  37.4997    34.4759   ▆▆▆▆▆▆▇▇▇▇▇▇▇▇▇█████████████████▇▇▇▇▇▇▇▇▇▆▆▆▆▆▆▆
 571424  39.9997    36.7751   ▆▆▆▇▇▇▇▇▇▇▇▇▇▇███████████████████▇▇▇▇▇▇▇▇▇▇▇▆▆▆▆
 607138  42.4997    39.0745   ▇▇▇▇▇▇▇▇▇▇▇▇▇█████████████████████▇▇▇▇▇▇▇▇▇▇▇▇▇▇
 642852  44.9996    41.3716   ▇▇▇▇▇▇▇▇▇▇▇▇███████████████████████▇▇▇▇▇▇▇▇▇▇▇▇▇
 678566  47.4996    43.6693   ▇▇▇▇▇▇▇▇▇▇▇█████████████████████████▇▇▇▇▇▇▇▇▇▇▇▇
 714280  49.9996    45.9678   ▇▇▇▇▇▇▇▇▇▇███████████████████████████▇▇▇▇▇▇▇▇▇▇▇
 749994  52.4996    48.2659   ▇▇▇▇▇▇▇▇███████████████████████████████▇▇▇▇▇▇▇▇▇
 785708  54.9996    50.5629   ▇▇▇▇▇▇███████████████████████████████████▇▇▇▇▇▇▇
 821422  57.4995    52.8628   ▇▇▇█████████████████████████████████████████▇▇▇▇
 857136  59.9995    55.1993   ████████████████████████████████████████████████
 892850  62.4995    57.4978   ████████████████████████████████████████████████
 928564  64.9995    59.7951   ████████████████████████████████████████████████
 964278  67.4995    62.0947   ████████████████████████████████████████████████
 999992  69.9994    64.3918   ████████████████████████████████████████████████
1035706  72.4994    66.6907   ████████████████████████████████████████████████
1071420  74.9994    68.9921   ████████████████████████████████████████████████
1107134  77.4994    71.2887   ████████████████████████████████████████████████
1142848  79.9994    73.5856   ████████████████████████████████████████████████
1178562  82.4993    75.8832   ████████████████████████████████████████████████
1214276  84.9993    78.1837   ████████████████████████████████████████████████
1249990  87.4993    80.4800   ████████████████████████████████████████████████
1285704  89.9993    82.7771   ████████████████████████████████████████████████
1321418  92.4993    85.0762   ████████████████████████████████████████████████
1357132  94.9992    87.3740   ████████████████████████████████████████████████
1392846  97.4992    89.6717   ████████████████████████████████████████████████
1428560  99.9992    91.9691   ████████████████████████████████████████████████

scontrol show jobid 83452
JobId=83452 JobName=diffring
   UserId=phy1610student010(1901410) GroupId=teachphy1610(1900004) MCS_label=N/A
   Priority=385231 Nice=0 Account=teach QOS=normal
   JobState=COMPLETING Reason=None Dependency=(null)
   Requeue=0 Restarts=0 BatchFlag=1 Reboot=0 ExitCode=0:0
   RunTime=00:08:54 TimeLimit=01:00:00 TimeMin=N/A
   SubmitTime=2020-03-29T01:44:43 EligibleTime=2020-03-29T01:44:43
   AccrueTime=2020-03-29T01:44:43
   StartTime=2020-03-29T01:44:43 EndTime=2020-03-29T01:53:37 Deadline=N/A
   SuspendTime=None SecsPreSuspend=0 LastSchedEval=2020-03-29T01:44:43
   Partition=compute AllocNode:Sid=teach01:22087
   ReqNodeList=(null) ExcNodeList=(null)
   NodeList=teach17
   BatchHost=teach17
   NumNodes=1 NumCPUs=16 NumTasks=1 CPUs/Task=16 ReqB:S:C:T=0:0:*:*
   TRES=cpu=16,node=1,billing=16
   Socks/Node=* NtasksPerN:B:S:C=0:0:*:1 CoreSpec=*
   MinCPUsNode=16 MinMemoryNode=0 MinTmpDiskNode=0
   Features=(null) DelayBoot=00:00:00
   OverSubscribe=OK Contiguous=0 Licenses=(null) Network=(null)
   Command=/gpfs/fs0/scratch/t/teachphy1610/phy1610student010/antsonring/submit_diffring.sh
   WorkDir=/gpfs/fs0/scratch/t/teachphy1610/phy1610student010/antsonring
   StdErr=/gpfs/fs0/scratch/t/teachphy1610/phy1610student010/antsonring/slurm-83452.out
   StdIn=/dev/null
   StdOut=/gpfs/fs0/scratch/t/teachphy1610/phy1610student010/antsonring/slurm-83452.out
   Power=

sacct -j 83452
       JobID    JobName    Account    Elapsed  MaxVMSize     MaxRSS  SystemCPU    UserCPU ExitCode 
------------ ---------- ---------- ---------- ---------- ---------- ---------- ---------- -------- 
83452          diffring      teach   00:08:54                        07:37.595   01:51:11      0:0 
83452.batch       batch      teach   00:08:54    838972K     62052K  07:37.594   01:51:11      0:0 
83452.extern     extern      teach   00:08:54    206752K       876K   00:00:00   00:00:00      0:0 
